#######################
New match. Index: 28345
#######################
#######################
New match. Index: 28346
#######################
#######################
New match. Index: 28347
#######################
#######################
New match. Index: 28348
#######################
#######################
New match. Index: 28349
#######################
#######################
New match. Index: 28350
#######################
### WARNING ### Player: Mehdi Gregory Giuseppe Lacen --- Mehdi Lacen  ['169432'] https://sofifa.com/players?keyword=Lacen&r=160025&set=true 0.5641025641025641
#######################
New match. Index: 28351
#######################
#######################
New match. Index: 28352
#######################
### WARNING ### Player: Steven N'Kemboanza Mike Christopher N'Zonzi --- Steven N ['187936'] https://sofifa.com/players?keyword=N'Zonzi&r=160025&set=true 0.3137254901960784
#######################
New match. Index: 28353
#######################
#######################
New match. Index: 28354
#######################
#######################
New match. Index: 28355
#######################
#######################
New match. Index: 28356
#######################
#######################
New match. Index: 28357
#######################
#######################
New match. Index: 28358
#######################
#######################
New match. Index: 28359
#######################
#######################
New match. Index: 28360
#######################
#######################
New match. Index: 28361
#######################
#######################
New match. Index: 28362
#######################
### WARNING ### Player: Steven N'Kemboanza Mike Christopher N'Zonzi --- Steven N ['187936'] https://sofifa.com/players?keyword=N'Zonzi&r=160026&set=true 0.3137254901960784
#######################
New match. Index: 28363
#######################
#######################
New match. Index: 28364
#######################
#######################
New match. Index: 28365
#######################
#######################
New match. Index: 28366
#######################
### WARNING ### Player: Mehdi Gregory Giuseppe Lacen --- Mehdi Lacen  ['169432'] https://sofifa.com/players?keyword=Lacen&r=160026&set=true 0.5641025641025641
#######################
New match. Index: 28367
#######################
#######################
New match. Index: 28368
#######################
#######################
New match. Index: 28369
#######################
#######################
New match. Index: 28370
#######################
#######################
New match. Index: 28371
#######################
#######################
New match. Index: 28372
#######################
#######################
New match. Index: 28373
#######################
#######################
New match. Index: 28374
#######################
#######################
New match. Index: 28375
#######################
#######################
New match. Index: 28376
#######################
#######################
New match. Index: 28377
#######################
#######################
New match. Index: 28378
#######################
### WARNING ### Player: Mehdi Gregory Giuseppe Lacen --- Mehdi Lacen  ['169432'] https://sofifa.com/players?keyword=Lacen&r=160027&set=true 0.5641025641025641
#######################
New match. Index: 28379
#######################
#######################
New match. Index: 28380
#######################
### WARNING ### Player: Mehdi Gregory Giuseppe Lacen --- Mehdi Lacen  ['169432'] https://sofifa.com/players?keyword=Lacen&r=160028&set=true 0.5641025641025641
#######################
New match. Index: 28381
#######################
### WARNING ### Player: Steven N'Kemboanza Mike Christopher N'Zonzi --- Steven N ['187936'] https://sofifa.com/players?keyword=N'Zonzi&r=160028&set=true 0.3137254901960784
#######################
New match. Index: 28382
#######################
#######################
New match. Index: 28383
#######################
#######################
New match. Index: 28384
#######################
#######################
New match. Index: 28385
#######################
#######################
New match. Index: 28386
#######################
#######################
New match. Index: 28387
#######################
#######################
New match. Index: 28388
#######################
#######################
New match. Index: 28389
#######################
### WARNING ### Player: Steven N'Kemboanza Mike Christopher N'Zonzi --- Steven N ['187936'] https://sofifa.com/players?keyword=N'Zonzi&r=160029&set=true 0.3137254901960784
#######################
New match. Index: 28390
#######################
#######################
New match. Index: 28391
#######################
#######################
New match. Index: 28392
#######################
#######################
New match. Index: 28393
#######################
#######################
New match. Index: 28394
#######################
#######################
New match. Index: 28395
#######################
### WARNING ### Player: Mehdi Gregory Giuseppe Lacen --- Mehdi Lacen  ['169432'] https://sofifa.com/players?keyword=Lacen&r=160029&set=true 0.5641025641025641
#######################
New match. Index: 28396
#######################
#######################
New match. Index: 28397
#######################
#######################
New match. Index: 28398
#######################
#######################
New match. Index: 28399
#######################
#######################
New match. Index: 28400
#######################
#######################
New match. Index: 28401
#######################
#######################
New match. Index: 28402
#######################
### WARNING ### Player: Mehdi Gregory Giuseppe Lacen --- Mehdi Lacen  ['169432'] https://sofifa.com/players?keyword=Lacen&r=160030&set=true 0.5641025641025641
#######################
New match. Index: 28403
#######################
#######################
New match. Index: 28404
#######################
#######################
New match. Index: 28405
#######################
### WARNING ### Player: Steven N'Kemboanza Mike Christopher N'Zonzi --- Steven N ['187936'] https://sofifa.com/players?keyword=N'Zonzi&r=160030&set=true 0.3137254901960784
#######################
New match. Index: 28406
#######################
#######################
New match. Index: 28407
#######################
#######################
New match. Index: 28408
#######################
#######################
New match. Index: 28409
#######################
#######################
New match. Index: 28410
#######################
#######################
New match. Index: 28411
#######################
### WARNING ### Player: Mehdi Gregory Giuseppe Lacen --- Mehdi Lacen  ['169432'] https://sofifa.com/players?keyword=Lacen&r=160031&set=true 0.5641025641025641
#######################
New match. Index: 28412
#######################
#######################
New match. Index: 28413
#######################
#######################
New match. Index: 28414
#######################
### WARNING ### Player: Steven N'Kemboanza Mike Christopher N'Zonzi --- Steven N ['187936'] https://sofifa.com/players?keyword=N'Zonzi&r=160031&set=true 0.3137254901960784
#######################
New match. Index: 28415
#######################
#######################
New match. Index: 28416
#######################
#######################
New match. Index: 28417
#######################
#######################
New match. Index: 28418
#######################
#######################
New match. Index: 28419
#######################
### WARNING ### Player: Mehdi Gregory Giuseppe Lacen --- Mehdi Lacen  ['169432'] https://sofifa.com/players?keyword=Lacen&r=160032&set=true 0.5641025641025641
#######################
New match. Index: 28420
#######################
#######################
New match. Index: 28421
#######################
#######################
New match. Index: 28422
#######################
#######################
New match. Index: 28423
#######################
#######################
New match. Index: 28424
#######################
#######################
New match. Index: 28425
#######################
#######################
New match. Index: 28426
#######################
### WARNING ### Player: Steven N'Kemboanza Mike Christopher N'Zonzi --- Steven N ['187936'] https://sofifa.com/players?keyword=N'Zonzi&r=160032&set=true 0.3137254901960784
#######################
New match. Index: 28427
#######################
#######################
New match. Index: 28428
#######################
#######################
New match. Index: 28429
#######################
#######################
New match. Index: 28430
#######################
#######################
New match. Index: 28431
#######################
### WARNING ### Player: Ikechukwu Tongololiki Mawakavamba Jawarapawara Uche --- Ikechukwu Uche  ['146011'] https://sofifa.com/players?keyword=Uche&r=160033&set=true 0.4307692307692308
#######################
New match. Index: 28432
#######################
#######################
New match. Index: 28433
#######################
#######################
New match. Index: 28434
#######################
#######################
New match. Index: 28435
#######################
### WARNING ### Player: Steven N'Kemboanza Mike Christopher N'Zonzi --- Steven N ['187936'] https://sofifa.com/players?keyword=N'Zonzi&r=160033&set=true 0.3137254901960784
#######################
New match. Index: 28436
#######################
#######################
New match. Index: 28437
#######################
#######################
New match. Index: 28438
#######################
#######################
New match. Index: 28439
#######################
### WARNING ### Player: Mehdi Gregory Giuseppe Lacen --- Mehdi Lacen  ['169432'] https://sofifa.com/players?keyword=Lacen&r=160034&set=true 0.5641025641025641
#######################
New match. Index: 28440
#######################
#######################
New match. Index: 28441
#######################
#######################
New match. Index: 28442
#######################
#######################
New match. Index: 28443
#######################
#######################
New match. Index: 28444
#######################
### WARNING ### Player: Steven N'Kemboanza Mike Christopher N'Zonzi --- Steven N ['187936'] https://sofifa.com/players?keyword=N'Zonzi&r=160034&set=true 0.3137254901960784
#######################
New match. Index: 28445
#######################
### WARNING ### Player: Ikechukwu Tongololiki Mawakavamba Jawarapawara Uche --- Ikechukwu Uche  ['146011'] https://sofifa.com/players?keyword=Uche&r=160034&set=true 0.4307692307692308
#######################
New match. Index: 28446
#######################
#######################
New match. Index: 28447
#######################
#######################
New match. Index: 28448
#######################
#######################
New match. Index: 28449
#######################
#######################
New match. Index: 28450
#######################
#######################
New match. Index: 28451
#######################
#######################
New match. Index: 28452
#######################
### WARNING ### Player: Mehdi Gregory Giuseppe Lacen --- Mehdi Lacen  ['169432'] https://sofifa.com/players?keyword=Lacen&r=160035&set=true 0.5641025641025641
#######################
New match. Index: 28453
#######################
#######################
New match. Index: 28454
#######################
### WARNING ### Player: Ikechukwu Tongololiki Mawakavamba Jawarapawara Uche --- Ikechukwu Uche  ['146011'] https://sofifa.com/players?keyword=Uche&r=160035&set=true 0.4307692307692308
#######################
New match. Index: 28455
#######################
#######################
New match. Index: 28456
#######################
#######################
New match. Index: 28457
#######################
#######################
New match. Index: 28458
#######################
### WARNING ### Player: Steven N'Kemboanza Mike Christopher N'Zonzi --- Steven N ['187936'] https://sofifa.com/players?keyword=N'Zonzi&r=160035&set=true 0.3137254901960784
#######################
New match. Index: 28459
#######################
#######################
New match. Index: 28460
#######################
#######################
New match. Index: 28461
#######################
### WARNING ### Player: Mehdi Gregory Giuseppe Lacen --- Mehdi Lacen  ['169432'] https://sofifa.com/players?keyword=Lacen&r=160036&set=true 0.5641025641025641
#######################
New match. Index: 28462
#######################
#######################
New match. Index: 28463
#######################
### WARNING ### Player: Steven N'Kemboanza Mike Christopher N'Zonzi --- Steven N ['187936'] https://sofifa.com/players?keyword=N'Zonzi&r=160036&set=true 0.3137254901960784
#######################
New match. Index: 28464
#######################
#######################
New match. Index: 28465
#######################
#######################
New match. Index: 28466
#######################
#######################
New match. Index: 28467
#######################
#######################
New match. Index: 28468
#######################
#######################
New match. Index: 28469
#######################
#######################
New match. Index: 28470
#######################
#######################
New match. Index: 28471
#######################
#######################
New match. Index: 28472
#######################
### WARNING ### Player: Mehdi Gregory Giuseppe Lacen --- Mehdi Lacen  ['169432'] https://sofifa.com/players?keyword=Lacen&r=160037&set=true 0.5641025641025641
### WARNING ### Player: Steven N'Kemboanza Mike Christopher N'Zonzi --- Steven N ['187936'] https://sofifa.com/players?keyword=N'Zonzi&r=160037&set=true 0.3137254901960784
#######################
New match. Index: 28473
#######################
### WARNING ### Player: Ikechukwu Tongololiki Mawakavamba Jawarapawara Uche --- Ikechukwu Uche  ['146011'] https://sofifa.com/players?keyword=Uche&r=160037&set=true 0.4307692307692308
#######################
New match. Index: 28474
#######################
#######################
New match. Index: 28475
#######################
#######################
New match. Index: 28476
#######################
#######################
New match. Index: 28477
#######################
#######################
New match. Index: 28478
#######################
#######################
New match. Index: 28479
#######################
#######################
New match. Index: 28480
#######################
### WARNING ### Player: Ikechukwu Tongololiki Mawakavamba Jawarapawara Uche --- Ikechukwu Uche  ['146011'] https://sofifa.com/players?keyword=Uche&r=160038&set=true 0.4307692307692308
#######################
New match. Index: 28481
#######################
#######################
New match. Index: 28482
#######################
#######################
New match. Index: 28483
#######################
#######################
New match. Index: 28484
#######################
#######################
New match. Index: 28485
#######################
#######################
New match. Index: 28486
#######################
### WARNING ### Player: Steven N'Kemboanza Mike Christopher N'Zonzi --- Steven N ['187936'] https://sofifa.com/players?keyword=N'Zonzi&r=160038&set=true 0.3137254901960784
#######################
New match. Index: 28487
#######################
#######################
New match. Index: 28488
#######################
#######################
New match. Index: 28489
#######################
#######################
New match. Index: 28490
#######################
### WARNING ### Player: Mehdi Gregory Giuseppe Lacen --- Mehdi Lacen  ['169432'] https://sofifa.com/players?keyword=Lacen&r=160039&set=true 0.5641025641025641
#######################
New match. Index: 28491
#######################
#######################
New match. Index: 28492
#######################
#######################
New match. Index: 28493
#######################
#######################
New match. Index: 28494
#######################
#######################
New match. Index: 28495
#######################
### WARNING ### Player: Ikechukwu Tongololiki Mawakavamba Jawarapawara Uche --- Ikechukwu Uche  ['146011'] https://sofifa.com/players?keyword=Uche&r=160039&set=true 0.4307692307692308
#######################
New match. Index: 28496
#######################
#######################
New match. Index: 28497
#######################
#######################
New match. Index: 28498
#######################
#######################
New match. Index: 28499
#######################
#######################
New match. Index: 28500
#######################
### WARNING ### Player: Mehdi Gregory Giuseppe Lacen --- Mehdi Lacen  ['169432'] https://sofifa.com/players?keyword=Lacen&r=160040&set=true 0.5641025641025641
#######################
New match. Index: 28501
#######################
#######################
New match. Index: 28502
#######################
#######################
New match. Index: 28503
#######################
#######################
New match. Index: 28504
#######################
#######################
New match. Index: 28505
#######################
#######################
New match. Index: 28506
#######################
### WARNING ### Player: Ikechukwu Tongololiki Mawakavamba Jawarapawara Uche --- Ikechukwu Uche  ['146011'] https://sofifa.com/players?keyword=Uche&r=160040&set=true 0.4307692307692308
#######################
New match. Index: 28507
#######################
#######################
New match. Index: 28508
#######################
### WARNING ### Player: Steven N'Kemboanza Mike Christopher N'Zonzi --- Steven N ['187936'] https://sofifa.com/players?keyword=N'Zonzi&r=160040&set=true 0.3137254901960784
#######################
New match. Index: 28509
#######################
#######################
New match. Index: 28510
#######################
### WARNING ### Player: Ikechukwu Tongololiki Mawakavamba Jawarapawara Uche --- Ikechukwu Uche  ['146011'] https://sofifa.com/players?keyword=Uche&r=160041&set=true 0.4307692307692308
#######################
New match. Index: 28511
#######################
#######################
New match. Index: 28512
#######################
#######################
New match. Index: 28513
#######################
#######################
New match. Index: 28514
#######################
#######################
New match. Index: 28515
#######################
#######################
New match. Index: 28516
#######################
####################################################################
ERROR: No ID found when looking in sofifa for: Diego Caballo Alonso
ERROR: No ID found when looking in sofifa for: Caballo
####################################################################
