#######################
New match. Index: 28516
#######################
### WARNING ### Player: Steven N'Kemboanza Mike Christopher N'Zonzi --- Steven N ['187936'] https://sofifa.com/players?keyword=N'Zonzi&r=160041&set=true 0.3137254901960784
#######################
New match. Index: 28517
#######################
### WARNING ### Player: Mehdi Gregory Giuseppe Lacen --- Mehdi Lacen  ['169432'] https://sofifa.com/players?keyword=Lacen&r=160041&set=true 0.5641025641025641
#######################
New match. Index: 28518
#######################
#######################
New match. Index: 28519
#######################
#######################
New match. Index: 28520
#######################
#######################
New match. Index: 28521
#######################
### WARNING ### Player: Mehdi Gregory Giuseppe Lacen --- Mehdi Lacen  ['169432'] https://sofifa.com/players?keyword=Lacen&r=160042&set=true 0.5641025641025641
#######################
New match. Index: 28522
#######################
#######################
New match. Index: 28523
#######################
#######################
New match. Index: 28524
#######################
#######################
New match. Index: 28525
#######################
#######################
New match. Index: 28526
#######################
### WARNING ### Player: Steven N'Kemboanza Mike Christopher N'Zonzi --- Steven N ['187936'] https://sofifa.com/players?keyword=N'Zonzi&r=160042&set=true 0.3137254901960784
#######################
New match. Index: 28527
#######################
#######################
New match. Index: 28528
#######################
#######################
New match. Index: 28529
#######################
#######################
New match. Index: 28530
#######################
#######################
New match. Index: 28531
#######################
#######################
New match. Index: 28532
#######################
#######################
New match. Index: 28533
#######################
#######################
New match. Index: 28534
#######################
### WARNING ### Player: Steven N'Kemboanza Mike Christopher N'Zonzi --- Steven N ['187936'] https://sofifa.com/players?keyword=N'Zonzi&r=160043&set=true 0.3137254901960784
#######################
New match. Index: 28535
#######################
#######################
New match. Index: 28536
#######################
#######################
New match. Index: 28537
#######################
#######################
New match. Index: 28538
#######################
### WARNING ### Player: Mehdi Gregory Giuseppe Lacen --- Mehdi Lacen  ['169432'] https://sofifa.com/players?keyword=Lacen&r=160043&set=true 0.5641025641025641
#######################
New match. Index: 28539
#######################
#######################
New match. Index: 28540
#######################
#######################
New match. Index: 28541
#######################
#######################
New match. Index: 28542
#######################
#######################
New match. Index: 28543
#######################
#######################
New match. Index: 28544
#######################
#######################
New match. Index: 28545
#######################
#######################
New match. Index: 28546
#######################
### WARNING ### Player: Steven N'Kemboanza Mike Christopher N'Zonzi --- Steven N ['187936'] https://sofifa.com/players?keyword=N'Zonzi&r=160044&set=true 0.3137254901960784
#######################
New match. Index: 28547
#######################
### WARNING ### Player: Mehdi Gregory Giuseppe Lacen --- Mehdi Lacen  ['169432'] https://sofifa.com/players?keyword=Lacen&r=160044&set=true 0.5641025641025641
#######################
New match. Index: 28548
#######################
#######################
New match. Index: 28549
#######################
#######################
New match. Index: 28550
#######################
#######################
New match. Index: 28551
#######################
#######################
New match. Index: 28552
#######################
#######################
New match. Index: 28553
#######################
#######################
New match. Index: 28554
#######################
#######################
New match. Index: 28555
#######################
#######################
New match. Index: 28556
#######################
### WARNING ### Player: Steven N'Kemboanza Mike Christopher N'Zonzi --- Steven N ['187936'] https://sofifa.com/players?keyword=N'Zonzi&r=160045&set=true 0.3137254901960784
#######################
New match. Index: 28557
#######################
### WARNING ### Player: Mehdi Gregory Giuseppe Lacen --- Mehdi Lacen  ['169432'] https://sofifa.com/players?keyword=Lacen&r=160045&set=true 0.5641025641025641
#######################
New match. Index: 28558
#######################
#######################
New match. Index: 28559
#######################
### WARNING ### Player: Ikechukwu Tongololiki Mawakavamba Jawarapawara Uche --- Ikechukwu Uche  ['146011'] https://sofifa.com/players?keyword=Uche&r=160045&set=true 0.4307692307692308
#######################
New match. Index: 28560
#######################
#######################
New match. Index: 28561
#######################
#######################
New match. Index: 28562
#######################
#######################
New match. Index: 28563
#######################
#######################
New match. Index: 28564
#######################
#######################
New match. Index: 28565
#######################
### WARNING ### Player: Ikechukwu Tongololiki Mawakavamba Jawarapawara Uche --- Ikechukwu Uche  ['146011'] https://sofifa.com/players?keyword=Uche&r=160046&set=true 0.4307692307692308
#######################
New match. Index: 28566
#######################
#######################
New match. Index: 28567
#######################
### WARNING ### Player: Mehdi Gregory Giuseppe Lacen --- Mehdi Lacen  ['169432'] https://sofifa.com/players?keyword=Lacen&r=160046&set=true 0.5641025641025641
#######################
New match. Index: 28568
#######################
#######################
New match. Index: 28569
#######################
#######################
New match. Index: 28570
#######################
####################################################################
ERROR: More than 1 possible ID when looking in sofifa for: Andrés Pascual Santoja
####################################################################
