#######################
New match. Index: 27783
#######################
#######################
New match. Index: 27784
#######################
#######################
New match. Index: 27785
#######################
#######################
New match. Index: 27786
#######################
#######################
New match. Index: 27787
#######################
#######################
New match. Index: 27788
#######################
#######################
New match. Index: 27789
#######################
#######################
New match. Index: 27790
#######################
### WARNING ### Player: Ikechukwu Tongololiki Mawakavamba Jawarapawara Uche --- Ikechukwu Uche  ['146011'] https://sofifa.com/players?keyword=Uche&r=150010&set=true 0.4307692307692308
#######################
New match. Index: 27791
#######################
### WARNING ### Player: Mike Havenaar --- hahunamaiku  ['207739'] https://sofifa.com/players?keyword=Mike Havenaar&r=150010&set=true 0.16666666666666666
#######################
New match. Index: 27792
#######################
#######################
New match. Index: 27793
#######################
### WARNING ### Player: Mehdi Gregory Giuseppe Lacen --- Mehdi Lacen  ['169432'] https://sofifa.com/players?keyword=Lacen&r=150011&set=true 0.5641025641025641
#######################
New match. Index: 27794
#######################
#######################
New match. Index: 27795
#######################
### WARNING ### Player: Mike Havenaar --- hahunamaiku  ['207739'] https://sofifa.com/players?keyword=Mike Havenaar&r=150011&set=true 0.16666666666666666
#######################
New match. Index: 27796
#######################
#######################
New match. Index: 27797
#######################
#######################
New match. Index: 27798
#######################
#######################
New match. Index: 27799
#######################
#######################
New match. Index: 27800
#######################
#######################
New match. Index: 27801
#######################
#######################
New match. Index: 27802
#######################
#######################
New match. Index: 27803
#######################
### WARNING ### Player: Mike Havenaar --- hahunamaiku  ['207739'] https://sofifa.com/players?keyword=Mike Havenaar&r=150012&set=true 0.16666666666666666
#######################
New match. Index: 27804
#######################
#######################
New match. Index: 27805
#######################
#######################
New match. Index: 27806
#######################
#######################
New match. Index: 27807
#######################
#######################
New match. Index: 27808
#######################
#######################
New match. Index: 27809
#######################
#######################
New match. Index: 27810
#######################
### WARNING ### Player: Mehdi Gregory Giuseppe Lacen --- Mehdi Lacen  ['169432'] https://sofifa.com/players?keyword=Lacen&r=150012&set=true 0.5641025641025641
#######################
New match. Index: 27811
#######################
#######################
New match. Index: 27812
#######################
#######################
New match. Index: 27813
#######################
#######################
New match. Index: 27814
#######################
#######################
New match. Index: 27815
#######################
#######################
New match. Index: 27816
#######################
#######################
New match. Index: 27817
#######################
#######################
New match. Index: 27818
#######################
#######################
New match. Index: 27819
#######################
### WARNING ### Player: Ikechukwu Tongololiki Mawakavamba Jawarapawara Uche --- Ikechukwu Uche  ['146011'] https://sofifa.com/players?keyword=Uche&r=150013&set=true 0.4307692307692308
#######################
New match. Index: 27820
#######################
### WARNING ### Player: Mike Havenaar --- hahunamaiku  ['207739'] https://sofifa.com/players?keyword=Mike Havenaar&r=150013&set=true 0.16666666666666666
#######################
New match. Index: 27821
#######################
#######################
New match. Index: 27822
#######################
#######################
New match. Index: 27823
#######################
#######################
New match. Index: 27824
#######################
#######################
New match. Index: 27825
#######################
#######################
New match. Index: 27826
#######################
### WARNING ### Player: Ikechukwu Tongololiki Mawakavamba Jawarapawara Uche --- Ikechukwu Uche  ['146011'] https://sofifa.com/players?keyword=Uche&r=150014&set=true 0.4307692307692308
#######################
New match. Index: 27827
#######################
#######################
New match. Index: 27828
#######################
#######################
New match. Index: 27829
#######################
#######################
New match. Index: 27830
#######################
#######################
New match. Index: 27831
#######################
#######################
New match. Index: 27832
#######################
### WARNING ### Player: Mike Havenaar --- hahunamaiku  ['207739'] https://sofifa.com/players?keyword=Mike Havenaar&r=150014&set=true 0.16666666666666666
#######################
New match. Index: 27833
#######################
#######################
New match. Index: 27834
#######################
### WARNING ### Player: Ikechukwu Tongololiki Mawakavamba Jawarapawara Uche --- Ikechukwu Uche  ['146011'] https://sofifa.com/players?keyword=Uche&r=150015&set=true 0.4307692307692308
#######################
New match. Index: 27835
#######################
#######################
New match. Index: 27836
#######################
#######################
New match. Index: 27837
#######################
#######################
New match. Index: 27838
#######################
#######################
New match. Index: 27839
#######################
### WARNING ### Player: Mehdi Gregory Giuseppe Lacen --- Mehdi Lacen  ['169432'] https://sofifa.com/players?keyword=Lacen&r=150015&set=true 0.5641025641025641
#######################
New match. Index: 27840
#######################
#######################
New match. Index: 27841
#######################
#######################
New match. Index: 27842
#######################
#######################
New match. Index: 27843
#######################
### WARNING ### Player: Mehdi Gregory Giuseppe Lacen --- Mehdi Lacen  ['169432'] https://sofifa.com/players?keyword=Lacen&r=150016&set=true 0.5641025641025641
#######################
New match. Index: 27844
#######################
#######################
New match. Index: 27845
#######################
#######################
New match. Index: 27846
#######################
#######################
New match. Index: 27847
#######################
#######################
New match. Index: 27848
#######################
#######################
New match. Index: 27849
#######################
#######################
New match. Index: 27850
#######################
### WARNING ### Player: Ikechukwu Tongololiki Mawakavamba Jawarapawara Uche --- Ikechukwu Uche  ['146011'] https://sofifa.com/players?keyword=Uche&r=150016&set=true 0.4307692307692308
#######################
New match. Index: 27851
#######################
#######################
New match. Index: 27852
#######################
#######################
New match. Index: 27853
#######################
#######################
New match. Index: 27854
#######################
#######################
New match. Index: 27855
#######################
#######################
New match. Index: 27856
#######################
#######################
New match. Index: 27857
#######################
#######################
New match. Index: 27858
#######################
#######################
New match. Index: 27859
#######################
#######################
New match. Index: 27860
#######################
#######################
New match. Index: 27861
#######################
### WARNING ### Player: Ikechukwu Tongololiki Mawakavamba Jawarapawara Uche --- Ikechukwu Uche  ['146011'] https://sofifa.com/players?keyword=Uche&r=150017&set=true 0.4307692307692308
#######################
New match. Index: 27862
#######################
### WARNING ### Player: Mehdi Gregory Giuseppe Lacen --- Mehdi Lacen  ['169432'] https://sofifa.com/players?keyword=Lacen&r=150017&set=true 0.5641025641025641
#######################
New match. Index: 27863
#######################
#######################
New match. Index: 27864
#######################
#######################
New match. Index: 27865
#######################
#######################
New match. Index: 27866
#######################
#######################
New match. Index: 27867
#######################
#######################
New match. Index: 27868
#######################
#######################
New match. Index: 27869
#######################
#######################
New match. Index: 27870
#######################
#######################
New match. Index: 27871
#######################
### WARNING ### Player: Ikechukwu Tongololiki Mawakavamba Jawarapawara Uche --- Ikechukwu Uche  ['146011'] https://sofifa.com/players?keyword=Uche&r=150018&set=true 0.4307692307692308
#######################
New match. Index: 27872
#######################
### WARNING ### Player: Mehdi Gregory Giuseppe Lacen --- Mehdi Lacen  ['169432'] https://sofifa.com/players?keyword=Lacen&r=150018&set=true 0.5641025641025641
#######################
New match. Index: 27873
#######################
### WARNING ### Player: Mehdi Gregory Giuseppe Lacen --- Mehdi Lacen  ['169432'] https://sofifa.com/players?keyword=Lacen&r=150019&set=true 0.5641025641025641
#######################
New match. Index: 27874
#######################
#######################
New match. Index: 27875
#######################
#######################
New match. Index: 27876
#######################
#######################
New match. Index: 27877
#######################
#######################
New match. Index: 27878
#######################
#######################
New match. Index: 27879
#######################
### WARNING ### Player: Ikechukwu Tongololiki Mawakavamba Jawarapawara Uche --- Ikechukwu Uche  ['146011'] https://sofifa.com/players?keyword=Uche&r=150019&set=true 0.4307692307692308
#######################
New match. Index: 27880
#######################
#######################
New match. Index: 27881
#######################
#######################
New match. Index: 27882
#######################
#######################
New match. Index: 27883
#######################
#######################
New match. Index: 27884
#######################
#######################
New match. Index: 27885
#######################
### WARNING ### Player: Mehdi Gregory Giuseppe Lacen --- Mehdi Lacen  ['169432'] https://sofifa.com/players?keyword=Lacen&r=150020&set=true 0.5641025641025641
#######################
New match. Index: 27886
#######################
#######################
New match. Index: 27887
#######################
#######################
New match. Index: 27888
#######################
#######################
New match. Index: 27889
#######################
#######################
New match. Index: 27890
#######################
### WARNING ### Player: Ikechukwu Tongololiki Mawakavamba Jawarapawara Uche --- Ikechukwu Uche  ['146011'] https://sofifa.com/players?keyword=Uche&r=150020&set=true 0.4307692307692308
#######################
New match. Index: 27891
#######################
#######################
New match. Index: 27892
#######################
#######################
New match. Index: 27893
#######################
#######################
New match. Index: 27894
#######################
#######################
New match. Index: 27895
#######################
#######################
New match. Index: 27896
#######################
#######################
New match. Index: 27897
#######################
#######################
New match. Index: 27898
#######################
#######################
New match. Index: 27899
#######################
#######################
New match. Index: 27900
#######################
#######################
New match. Index: 27901
#######################
### WARNING ### Player: Mehdi Gregory Giuseppe Lacen --- Mehdi Lacen  ['169432'] https://sofifa.com/players?keyword=Lacen&r=150021&set=true 0.5641025641025641
### WARNING ### Player: Ikechukwu Tongololiki Mawakavamba Jawarapawara Uche --- Ikechukwu Uche  ['146011'] https://sofifa.com/players?keyword=Uche&r=150021&set=true 0.4307692307692308
#######################
New match. Index: 27902
#######################
#######################
New match. Index: 27903
#######################
#######################
New match. Index: 27904
#######################
### WARNING ### Player: Mehdi Gregory Giuseppe Lacen --- Mehdi Lacen  ['169432'] https://sofifa.com/players?keyword=Lacen&r=150022&set=true 0.5641025641025641
#######################
New match. Index: 27905
#######################
#######################
New match. Index: 27906
#######################
#######################
New match. Index: 27907
#######################
#######################
New match. Index: 27908
#######################
#######################
New match. Index: 27909
#######################
#######################
New match. Index: 27910
#######################
### WARNING ### Player: Ikechukwu Tongololiki Mawakavamba Jawarapawara Uche --- Ikechukwu Uche  ['146011'] https://sofifa.com/players?keyword=Uche&r=150022&set=true 0.4307692307692308
#######################
New match. Index: 27911
#######################
#######################
New match. Index: 27912
#######################
#######################
New match. Index: 27913
#######################
#######################
New match. Index: 27914
#######################
#######################
New match. Index: 27915
#######################
#######################
New match. Index: 27916
#######################
#######################
New match. Index: 27917
#######################
#######################
New match. Index: 27918
#######################
#######################
New match. Index: 27919
#######################
### WARNING ### Player: Ikechukwu Tongololiki Mawakavamba Jawarapawara Uche --- Ikechukwu Uche  ['146011'] https://sofifa.com/players?keyword=Uche&r=150023&set=true 0.4307692307692308
#######################
New match. Index: 27920
#######################
#######################
New match. Index: 27921
#######################
#######################
New match. Index: 27922
#######################
### WARNING ### Player: Mehdi Gregory Giuseppe Lacen --- Mehdi Lacen  ['169432'] https://sofifa.com/players?keyword=Lacen&r=150023&set=true 0.5641025641025641
#######################
New match. Index: 27923
#######################
#######################
New match. Index: 27924
#######################
### WARNING ### Player: Mehdi Gregory Giuseppe Lacen --- Mehdi Lacen  ['169432'] https://sofifa.com/players?keyword=Lacen&r=150024&set=true 0.5641025641025641
#######################
New match. Index: 27925
#######################
#######################
New match. Index: 27926
#######################
#######################
New match. Index: 27927
#######################
#######################
New match. Index: 27928
#######################
#######################
New match. Index: 27929
#######################
#######################
New match. Index: 27930
#######################
### WARNING ### Player: Ikechukwu Tongololiki Mawakavamba Jawarapawara Uche --- Ikechukwu Uche  ['146011'] https://sofifa.com/players?keyword=Uche&r=150024&set=true 0.4307692307692308
#######################
New match. Index: 27931
#######################
#######################
New match. Index: 27932
#######################
#######################
New match. Index: 27933
#######################
#######################
New match. Index: 27934
#######################
#######################
New match. Index: 27935
#######################
#######################
New match. Index: 27936
#######################
#######################
New match. Index: 27937
#######################
#######################
New match. Index: 27938
#######################
### WARNING ### Player: Ikechukwu Tongololiki Mawakavamba Jawarapawara Uche --- Ikechukwu Uche  ['146011'] https://sofifa.com/players?keyword=Uche&r=150025&set=true 0.4307692307692308
#######################
New match. Index: 27939
#######################
### WARNING ### Player: Mehdi Gregory Giuseppe Lacen --- Mehdi Lacen  ['169432'] https://sofifa.com/players?keyword=Lacen&r=150025&set=true 0.5641025641025641
#######################
New match. Index: 27940
#######################
#######################
New match. Index: 27941
#######################
#######################
New match. Index: 27942
#######################
#######################
New match. Index: 27943
#######################
#######################
New match. Index: 27944
#######################
#######################
New match. Index: 27945
#######################
### WARNING ### Player: Ikechukwu Tongololiki Mawakavamba Jawarapawara Uche --- Ikechukwu Uche  ['146011'] https://sofifa.com/players?keyword=Uche&r=150026&set=true 0.4307692307692308
#######################
New match. Index: 27946
#######################
#######################
New match. Index: 27947
#######################
####################################################################
ERROR: More than 1 possible ID when looking in sofifa for: Vitorino Gabriel Pacheco Antunes
####################################################################
#######################
New match. Index: 27947
#######################
#######################
New match. Index: 27948
#######################
### WARNING ### Player: Mehdi Gregory Giuseppe Lacen --- Mehdi Lacen  ['169432'] https://sofifa.com/players?keyword=Lacen&r=150026&set=true 0.5641025641025641
#######################
New match. Index: 27949
#######################
#######################
New match. Index: 27950
#######################
#######################
New match. Index: 27951
#######################
#######################
New match. Index: 27952
#######################
#######################
New match. Index: 27953
#######################
#######################
New match. Index: 27954
#######################
#######################
New match. Index: 27955
#######################
### WARNING ### Player: Ikechukwu Tongololiki Mawakavamba Jawarapawara Uche --- Ikechukwu Uche  ['146011'] https://sofifa.com/players?keyword=Uche&r=150027&set=true 0.4307692307692308
#######################
New match. Index: 27956
#######################
#######################
New match. Index: 27957
#######################
#######################
New match. Index: 27958
#######################
#######################
New match. Index: 27959
#######################
#######################
New match. Index: 27960
#######################
#######################
New match. Index: 27961
#######################
#######################
New match. Index: 27962
#######################
#######################
New match. Index: 27963
#######################
#######################
New match. Index: 27964
#######################
#######################
New match. Index: 27965
#######################
#######################
New match. Index: 27966
#######################
### WARNING ### Player: Ikechukwu Tongololiki Mawakavamba Jawarapawara Uche --- Ikechukwu Uche  ['146011'] https://sofifa.com/players?keyword=Uche&r=150028&set=true 0.4307692307692308
#######################
New match. Index: 27967
#######################
#######################
New match. Index: 27968
#######################
#######################
New match. Index: 27969
#######################
#######################
New match. Index: 27970
#######################
#######################
New match. Index: 27971
#######################
#######################
New match. Index: 27972
#######################
#######################
New match. Index: 27973
#######################
#######################
New match. Index: 27974
#######################
#######################
New match. Index: 27975
#######################
#######################
New match. Index: 27976
#######################
#######################
New match. Index: 27977
#######################
### WARNING ### Player: Ikechukwu Tongololiki Mawakavamba Jawarapawara Uche --- Ikechukwu Uche  ['146011'] https://sofifa.com/players?keyword=Uche&r=150029&set=true 0.4307692307692308
#######################
New match. Index: 27978
#######################
#######################
New match. Index: 27979
#######################
#######################
New match. Index: 27980
#######################
#######################
New match. Index: 27981
#######################
#######################
New match. Index: 27982
#######################
#######################
New match. Index: 27983
#######################
#######################
New match. Index: 27984
#######################
#######################
New match. Index: 27985
#######################
#######################
New match. Index: 27986
#######################
#######################
New match. Index: 27987
#######################
#######################
New match. Index: 27988
#######################
### WARNING ### Player: Kalu Tongololiki Mawakavamba Jawarapawara Uche --- Kalu Uche  ['52401'] https://sofifa.com/players?keyword=Kalu Uche&r=150030&set=true 0.32727272727272727
#######################
New match. Index: 27989
#######################
#######################
New match. Index: 27990
#######################
#######################
New match. Index: 27991
#######################
### WARNING ### Player: Ikechukwu Tongololiki Mawakavamba Jawarapawara Uche --- Ikechukwu Uche  ['146011'] https://sofifa.com/players?keyword=Uche&r=150030&set=true 0.4307692307692308
#######################
New match. Index: 27992
#######################
#######################
New match. Index: 27993
#######################
#######################
New match. Index: 27994
#######################
#######################
New match. Index: 27995
#######################
### WARNING ### Player: Ikechukwu Tongololiki Mawakavamba Jawarapawara Uche --- Ikechukwu Uche  ['146011'] https://sofifa.com/players?keyword=Uche&r=150031&set=true 0.4307692307692308
#######################
New match. Index: 27996
#######################
### WARNING ### Player: Kalu Tongololiki Mawakavamba Jawarapawara Uche --- Kalu Uche  ['52401'] https://sofifa.com/players?keyword=Kalu Uche&r=150031&set=true 0.32727272727272727
#######################
New match. Index: 27997
#######################
#######################
New match. Index: 27998
#######################
#######################
New match. Index: 27999
#######################
### WARNING ### Player: Mehdi Gregory Giuseppe Lacen --- Mehdi Lacen  ['169432'] https://sofifa.com/players?keyword=Lacen&r=150031&set=true 0.5641025641025641
#######################
New match. Index: 28000
#######################
#######################
New match. Index: 28001
#######################
#######################
New match. Index: 28002
#######################
#######################
New match. Index: 28003
#######################
#######################
New match. Index: 28004
#######################
#######################
New match. Index: 28005
#######################
#######################
New match. Index: 28006
#######################
#######################
New match. Index: 28007
#######################
#######################
New match. Index: 28008
#######################
### WARNING ### Player: Mehdi Gregory Giuseppe Lacen --- Mehdi Lacen  ['169432'] https://sofifa.com/players?keyword=Lacen&r=150032&set=true 0.5641025641025641
#######################
New match. Index: 28009
#######################
### WARNING ### Player: Kalu Tongololiki Mawakavamba Jawarapawara Uche --- Kalu Uche  ['52401'] https://sofifa.com/players?keyword=Kalu Uche&r=150032&set=true 0.32727272727272727
#######################
New match. Index: 28010
#######################
#######################
New match. Index: 28011
#######################
#######################
New match. Index: 28012
#######################
#######################
New match. Index: 28013
#######################
### WARNING ### Player: Mehdi Gregory Giuseppe Lacen --- Mehdi Lacen  ['169432'] https://sofifa.com/players?keyword=Lacen&r=150033&set=true 0.5641025641025641
#######################
New match. Index: 28014
#######################
#######################
New match. Index: 28015
#######################
#######################
New match. Index: 28016
#######################
#######################
New match. Index: 28017
#######################
#######################
New match. Index: 28018
#######################
#######################
New match. Index: 28019
#######################
#######################
New match. Index: 28020
#######################
### WARNING ### Player: Ikechukwu Tongololiki Mawakavamba Jawarapawara Uche --- Ikechukwu Uche  ['146011'] https://sofifa.com/players?keyword=Uche&r=150033&set=true 0.4307692307692308
#######################
New match. Index: 28021
#######################
#######################
New match. Index: 28022
#######################
### WARNING ### Player: Kalu Tongololiki Mawakavamba Jawarapawara Uche --- Kalu Uche  ['52401'] https://sofifa.com/players?keyword=Kalu Uche&r=150033&set=true 0.32727272727272727
#######################
New match. Index: 28023
#######################
#######################
New match. Index: 28024
#######################
#######################
New match. Index: 28025
#######################
### WARNING ### Player: Kalu Tongololiki Mawakavamba Jawarapawara Uche --- Kalu Uche  ['52401'] https://sofifa.com/players?keyword=Kalu Uche&r=150034&set=true 0.32727272727272727
#######################
New match. Index: 28026
#######################
#######################
New match. Index: 28027
#######################
#######################
New match. Index: 28028
#######################
#######################
New match. Index: 28029
#######################
#######################
New match. Index: 28030
#######################
#######################
New match. Index: 28031
#######################
### WARNING ### Player: Ikechukwu Tongololiki Mawakavamba Jawarapawara Uche --- Ikechukwu Uche  ['146011'] https://sofifa.com/players?keyword=Uche&r=150034&set=true 0.4307692307692308
#######################
New match. Index: 28032
#######################
#######################
New match. Index: 28033
#######################
### WARNING ### Player: Kalu Tongololiki Mawakavamba Jawarapawara Uche --- Kalu Uche  ['52401'] https://sofifa.com/players?keyword=Kalu Uche&r=150035&set=true 0.32727272727272727
#######################
New match. Index: 28034
#######################
#######################
New match. Index: 28035
#######################
#######################
New match. Index: 28036
#######################
#######################
New match. Index: 28037
#######################
#######################
New match. Index: 28038
#######################
#######################
New match. Index: 28039
#######################
#######################
New match. Index: 28040
#######################
### WARNING ### Player: Ikechukwu Tongololiki Mawakavamba Jawarapawara Uche --- Ikechukwu Uche  ['146011'] https://sofifa.com/players?keyword=Uche&r=150035&set=true 0.4307692307692308
#######################
New match. Index: 28041
#######################
### WARNING ### Player: Mehdi Gregory Giuseppe Lacen --- Mehdi Lacen  ['169432'] https://sofifa.com/players?keyword=Lacen&r=150035&set=true 0.5641025641025641
#######################
New match. Index: 28042
#######################
#######################
New match. Index: 28043
#######################
#######################
New match. Index: 28044
#######################
#######################
New match. Index: 28045
#######################
#######################
New match. Index: 28046
#######################
#######################
New match. Index: 28047
#######################
#######################
New match. Index: 28048
#######################
### WARNING ### Player: Ikechukwu Tongololiki Mawakavamba Jawarapawara Uche --- Ikechukwu Uche  ['146011'] https://sofifa.com/players?keyword=Uche&r=150036&set=true 0.4307692307692308
#######################
New match. Index: 28049
#######################
#######################
New match. Index: 28050
#######################
#######################
New match. Index: 28051
#######################
### WARNING ### Player: Kalu Tongololiki Mawakavamba Jawarapawara Uche --- Kalu Uche  ['52401'] https://sofifa.com/players?keyword=Kalu Uche&r=150036&set=true 0.32727272727272727
#######################
New match. Index: 28052
#######################
### WARNING ### Player: Mehdi Gregory Giuseppe Lacen --- Mehdi Lacen  ['169432'] https://sofifa.com/players?keyword=Lacen&r=150036&set=true 0.5641025641025641
#######################
New match. Index: 28053
#######################
#######################
New match. Index: 28054
#######################
### WARNING ### Player: Mehdi Gregory Giuseppe Lacen --- Mehdi Lacen  ['169432'] https://sofifa.com/players?keyword=Lacen&r=150037&set=true 0.5641025641025641
#######################
New match. Index: 28055
#######################
#######################
New match. Index: 28056
#######################
### WARNING ### Player: Kalu Tongololiki Mawakavamba Jawarapawara Uche --- Kalu Uche  ['52401'] https://sofifa.com/players?keyword=Kalu Uche&r=150037&set=true 0.32727272727272727
#######################
New match. Index: 28057
#######################
#######################
New match. Index: 28058
#######################
#######################
New match. Index: 28059
#######################
#######################
New match. Index: 28060
#######################
### WARNING ### Player: Ikechukwu Tongololiki Mawakavamba Jawarapawara Uche --- Ikechukwu Uche  ['146011'] https://sofifa.com/players?keyword=Uche&r=150037&set=true 0.4307692307692308
#######################
New match. Index: 28061
#######################
#######################
New match. Index: 28062
#######################
#######################
New match. Index: 28063
#######################
#######################
New match. Index: 28064
#######################
#######################
New match. Index: 28065
#######################
#######################
New match. Index: 28066
#######################
### WARNING ### Player: Kalu Tongololiki Mawakavamba Jawarapawara Uche --- Kalu Uche  ['52401'] https://sofifa.com/players?keyword=Kalu Uche&r=150038&set=true 0.32727272727272727
#######################
New match. Index: 28067
#######################
#######################
New match. Index: 28068
#######################
#######################
New match. Index: 28069
#######################
#######################
New match. Index: 28070
#######################
### WARNING ### Player: Mehdi Gregory Giuseppe Lacen --- Mehdi Lacen  ['169432'] https://sofifa.com/players?keyword=Lacen&r=150038&set=true 0.5641025641025641
#######################
New match. Index: 28071
#######################
#######################
New match. Index: 28072
#######################
#######################
New match. Index: 28073
#######################
#######################
New match. Index: 28074
#######################
### WARNING ### Player: Kalu Tongololiki Mawakavamba Jawarapawara Uche --- Kalu Uche  ['52401'] https://sofifa.com/players?keyword=Kalu Uche&r=150039&set=true 0.32727272727272727
#######################
New match. Index: 28075
#######################
#######################
New match. Index: 28076
#######################
#######################
New match. Index: 28077
#######################
#######################
New match. Index: 28078
#######################
#######################
New match. Index: 28079
#######################
#######################
New match. Index: 28080
#######################
#######################
New match. Index: 28081
#######################
### WARNING ### Player: Mehdi Gregory Giuseppe Lacen --- Mehdi Lacen  ['169432'] https://sofifa.com/players?keyword=Lacen&r=150039&set=true 0.5641025641025641
#######################
New match. Index: 28082
#######################
### WARNING ### Player: Ikechukwu Tongololiki Mawakavamba Jawarapawara Uche --- Ikechukwu Uche  ['146011'] https://sofifa.com/players?keyword=Uche&r=150039&set=true 0.4307692307692308
#######################
New match. Index: 28083
#######################
#######################
New match. Index: 28084
#######################
#######################
New match. Index: 28085
#######################
#######################
New match. Index: 28086
#######################
#######################
New match. Index: 28087
#######################
#######################
New match. Index: 28088
#######################
### WARNING ### Player: Mehdi Gregory Giuseppe Lacen --- Mehdi Lacen  ['169432'] https://sofifa.com/players?keyword=Lacen&r=150040&set=true 0.5641025641025641
### WARNING ### Player: Ikechukwu Tongololiki Mawakavamba Jawarapawara Uche --- Ikechukwu Uche  ['146011'] https://sofifa.com/players?keyword=Uche&r=150040&set=true 0.4307692307692308
#######################
New match. Index: 28089
#######################
#######################
New match. Index: 28090
#######################
#######################
New match. Index: 28091
#######################
#######################
New match. Index: 28092
#######################
### WARNING ### Player: Kalu Tongololiki Mawakavamba Jawarapawara Uche --- Kalu Uche  ['52401'] https://sofifa.com/players?keyword=Kalu Uche&r=150040&set=true 0.32727272727272727
#######################
New match. Index: 28093
#######################
### WARNING ### Player: Kalu Tongololiki Mawakavamba Jawarapawara Uche --- Kalu Uche  ['52401'] https://sofifa.com/players?keyword=Kalu Uche&r=150041&set=true 0.32727272727272727
#######################
New match. Index: 28094
#######################
#######################
New match. Index: 28095
#######################
#######################
New match. Index: 28096
#######################
#######################
New match. Index: 28097
#######################
### WARNING ### Player: Mehdi Gregory Giuseppe Lacen --- Mehdi Lacen  ['169432'] https://sofifa.com/players?keyword=Lacen&r=150041&set=true 0.5641025641025641
#######################
New match. Index: 28098
#######################
#######################
New match. Index: 28099
#######################
#######################
New match. Index: 28100
#######################
### WARNING ### Player: Ikechukwu Tongololiki Mawakavamba Jawarapawara Uche --- Ikechukwu Uche  ['146011'] https://sofifa.com/players?keyword=Uche&r=150041&set=true 0.4307692307692308
#######################
New match. Index: 28101
#######################
#######################
New match. Index: 28102
#######################
#######################
New match. Index: 28103
#######################
#######################
New match. Index: 28104
#######################
#######################
New match. Index: 28105
#######################
#######################
New match. Index: 28106
#######################
### WARNING ### Player: Mehdi Gregory Giuseppe Lacen --- Mehdi Lacen  ['169432'] https://sofifa.com/players?keyword=Lacen&r=150042&set=true 0.5641025641025641
### WARNING ### Player: Kalu Tongololiki Mawakavamba Jawarapawara Uche --- Kalu Uche  ['52401'] https://sofifa.com/players?keyword=Kalu Uche&r=150042&set=true 0.32727272727272727
#######################
New match. Index: 28107
#######################
#######################
New match. Index: 28108
#######################
#######################
New match. Index: 28109
#######################
#######################
New match. Index: 28110
#######################
#######################
New match. Index: 28111
#######################
#######################
New match. Index: 28112
#######################
#######################
New match. Index: 28113
#######################
### WARNING ### Player: Mehdi Gregory Giuseppe Lacen --- Mehdi Lacen  ['169432'] https://sofifa.com/players?keyword=Lacen&r=150043&set=true 0.5641025641025641
#######################
New match. Index: 28114
#######################
#######################
New match. Index: 28115
#######################
### WARNING ### Player: Kalu Tongololiki Mawakavamba Jawarapawara Uche --- Kalu Uche  ['52401'] https://sofifa.com/players?keyword=Kalu Uche&r=150043&set=true 0.32727272727272727
#######################
New match. Index: 28116
#######################
#######################
New match. Index: 28117
#######################
#######################
New match. Index: 28118
#######################
#######################
New match. Index: 28119
#######################
#######################
New match. Index: 28120
#######################
#######################
New match. Index: 28121
#######################
#######################
New match. Index: 28122
#######################
#######################
New match. Index: 28123
#######################
### WARNING ### Player: Kalu Tongololiki Mawakavamba Jawarapawara Uche --- Kalu Uche  ['52401'] https://sofifa.com/players?keyword=Kalu Uche&r=150044&set=true 0.32727272727272727
#######################
New match. Index: 28124
#######################
#######################
New match. Index: 28125
#######################
#######################
New match. Index: 28126
#######################
#######################
New match. Index: 28127
#######################
#######################
New match. Index: 28128
#######################
#######################
New match. Index: 28129
#######################
### WARNING ### Player: Mehdi Gregory Giuseppe Lacen --- Mehdi Lacen  ['169432'] https://sofifa.com/players?keyword=Lacen&r=150044&set=true 0.5641025641025641
#######################
New match. Index: 28130
#######################
#######################
New match. Index: 28131
#######################
#######################
New match. Index: 28132
#######################
#######################
New match. Index: 28133
#######################
#######################
New match. Index: 28134
#######################
#######################
New match. Index: 28135
#######################
#######################
New match. Index: 28136
#######################
#######################
New match. Index: 28137
#######################
#######################
New match. Index: 28138
#######################
### WARNING ### Player: Kalu Tongololiki Mawakavamba Jawarapawara Uche --- Kalu Uche  ['52401'] https://sofifa.com/players?keyword=Kalu Uche&r=150045&set=true 0.32727272727272727
#######################
New match. Index: 28139
#######################
#######################
New match. Index: 28140
#######################
#######################
New match. Index: 28141
#######################
#######################
New match. Index: 28142
#######################
### WARNING ### Player: Mehdi Gregory Giuseppe Lacen --- Mehdi Lacen  ['169432'] https://sofifa.com/players?keyword=Lacen&r=150045&set=true 0.5641025641025641
#######################
New match. Index: 28143
#######################
#######################
New match. Index: 28144
#######################
#######################
New match. Index: 28145
#######################
#######################
New match. Index: 28146
#######################
#######################
New match. Index: 28147
#######################
#######################
New match. Index: 28148
#######################
#######################
New match. Index: 28149
#######################
### WARNING ### Player: Mehdi Gregory Giuseppe Lacen --- Mehdi Lacen  ['169432'] https://sofifa.com/players?keyword=Lacen&r=150046&set=true 0.5641025641025641
#######################
New match. Index: 28150
#######################
#######################
New match. Index: 28151
#######################
#######################
New match. Index: 28152
#######################
#######################
New match. Index: 28153
#######################
#######################
New match. Index: 28154
#######################
#######################
New match. Index: 28155
#######################
#######################
New match. Index: 28156
#######################
#######################
New match. Index: 28157
#######################
#######################
New match. Index: 28158
#######################
#######################
New match. Index: 28159
#######################
#######################
New match. Index: 28160
#######################
#######################
New match. Index: 28161
#######################
#######################
New match. Index: 28162
#######################
### WARNING ### Player: Mehdi Gregory Giuseppe Lacen --- Mehdi Lacen  ['169432'] https://sofifa.com/players?keyword=Lacen&r=150047&set=true 0.5641025641025641
