#######################
New match. Index: 28960
#######################
#######################
New match. Index: 28961
#######################
#######################
New match. Index: 28962
#######################
#######################
New match. Index: 28963
#######################
#######################
New match. Index: 28964
#######################
### WARNING ### Player: Steven N'Kemboanza Mike Christopher N'Zonzi --- Steven N ['187936'] https://sofifa.com/players?keyword=N'Zonzi&r=180010&set=true 0.3137254901960784
#######################
New match. Index: 28965
#######################
#######################
New match. Index: 28966
#######################
#######################
New match. Index: 28967
#######################
#######################
New match. Index: 28968
#######################
#######################
New match. Index: 28969
#######################
#######################
New match. Index: 28970
#######################
#######################
New match. Index: 28971
#######################
#######################
New match. Index: 28972
#######################
#######################
New match. Index: 28973
#######################
#######################
New match. Index: 28974
#######################
#######################
New match. Index: 28975
#######################
#######################
New match. Index: 28976
#######################
#######################
New match. Index: 28977
#######################
#######################
New match. Index: 28978
#######################
#######################
New match. Index: 28979
#######################
#######################
New match. Index: 28980
#######################
#######################
New match. Index: 28981
#######################
#######################
New match. Index: 28982
#######################
#######################
New match. Index: 28983
#######################
#######################
New match. Index: 28984
#######################
#######################
New match. Index: 28985
#######################
#######################
New match. Index: 28986
#######################
#######################
New match. Index: 28987
#######################
### WARNING ### Player: Steven N'Kemboanza Mike Christopher N'Zonzi --- Steven N ['187936'] https://sofifa.com/players?keyword=N'Zonzi&r=180012&set=true 0.3137254901960784
#######################
New match. Index: 28988
#######################
#######################
New match. Index: 28989
#######################
#######################
New match. Index: 28990
#######################
#######################
New match. Index: 28991
#######################
### WARNING ### Player: Steven N'Kemboanza Mike Christopher N'Zonzi --- Steven N ['187936'] https://sofifa.com/players?keyword=N'Zonzi&r=180013&set=true 0.3137254901960784
#######################
New match. Index: 28992
#######################
#######################
New match. Index: 28993
#######################
#######################
New match. Index: 28994
#######################
#######################
New match. Index: 28995
#######################
#######################
New match. Index: 28996
#######################
#######################
New match. Index: 28997
#######################
#######################
New match. Index: 28998
#######################
#######################
New match. Index: 28999
#######################
#######################
New match. Index: 29000
#######################
#######################
New match. Index: 29001
#######################
#######################
New match. Index: 29002
#######################
### WARNING ### Player: Steven N'Kemboanza Mike Christopher N'Zonzi --- Steven N ['187936'] https://sofifa.com/players?keyword=N'Zonzi&r=180014&set=true 0.3137254901960784
#######################
New match. Index: 29003
#######################
#######################
New match. Index: 29004
#######################
#######################
New match. Index: 29005
#######################
#######################
New match. Index: 29006
#######################
#######################
New match. Index: 29007
#######################
#######################
New match. Index: 29008
#######################
#######################
New match. Index: 29009
#######################
#######################
New match. Index: 29010
#######################
#######################
New match. Index: 29011
#######################
#######################
New match. Index: 29012
#######################
#######################
New match. Index: 29013
#######################
### WARNING ### Player: Steven N'Kemboanza Mike Christopher N'Zonzi --- Steven N ['187936'] https://sofifa.com/players?keyword=N'Zonzi&r=180015&set=true 0.3137254901960784
#######################
New match. Index: 29014
#######################
#######################
New match. Index: 29015
#######################
#######################
New match. Index: 29016
#######################
#######################
New match. Index: 29017
#######################
#######################
New match. Index: 29018
#######################
#######################
New match. Index: 29019
#######################
#######################
New match. Index: 29020
#######################
#######################
New match. Index: 29021
#######################
#######################
New match. Index: 29022
#######################
#######################
New match. Index: 29023
#######################
#######################
New match. Index: 29024
#######################
#######################
New match. Index: 29025
#######################
### WARNING ### Player: Steven N'Kemboanza Mike Christopher N'Zonzi --- Steven N ['187936'] https://sofifa.com/players?keyword=N'Zonzi&r=180016&set=true 0.3137254901960784
#######################
New match. Index: 29026
#######################
#######################
New match. Index: 29027
#######################
#######################
New match. Index: 29028
#######################
#######################
New match. Index: 29029
#######################
#######################
New match. Index: 29030
#######################
#######################
New match. Index: 29031
#######################
### WARNING ### Player: Mehdi Gregory Giuseppe Lacen --- Mehdi Lacen  ['169432'] https://sofifa.com/players?keyword=Lacen&r=180017&set=true 0.5641025641025641
#######################
New match. Index: 29032
#######################
#######################
New match. Index: 29033
#######################
#######################
New match. Index: 29034
#######################
### WARNING ### Player: Steven N'Kemboanza Mike Christopher N'Zonzi --- Steven N ['187936'] https://sofifa.com/players?keyword=N'Zonzi&r=180017&set=true 0.3137254901960784
#######################
New match. Index: 29035
#######################
#######################
New match. Index: 29036
#######################
#######################
New match. Index: 29037
#######################
#######################
New match. Index: 29038
#######################
#######################
New match. Index: 29039
#######################
#######################
New match. Index: 29040
#######################
#######################
New match. Index: 29041
#######################
#######################
New match. Index: 29042
#######################
#######################
New match. Index: 29043
#######################
#######################
New match. Index: 29044
#######################
#######################
New match. Index: 29045
#######################
#######################
New match. Index: 29046
#######################
#######################
New match. Index: 29047
#######################
#######################
New match. Index: 29048
#######################
#######################
New match. Index: 29049
#######################
#######################
New match. Index: 29050
#######################
#######################
New match. Index: 29051
#######################
### WARNING ### Player: Steven N'Kemboanza Mike Christopher N'Zonzi --- Steven N ['187936'] https://sofifa.com/players?keyword=N'Zonzi&r=180019&set=true 0.3137254901960784
#######################
New match. Index: 29052
#######################
#######################
New match. Index: 29053
#######################
#######################
New match. Index: 29054
#######################
#######################
New match. Index: 29055
#######################
#######################
New match. Index: 29056
#######################
#######################
New match. Index: 29057
#######################
#######################
New match. Index: 29058
#######################
#######################
New match. Index: 29059
#######################
#######################
New match. Index: 29060
#######################
#######################
New match. Index: 29061
#######################
#######################
New match. Index: 29062
#######################
#######################
New match. Index: 29063
#######################
#######################
New match. Index: 29064
#######################
#######################
New match. Index: 29065
#######################
### WARNING ### Player: Steven N'Kemboanza Mike Christopher N'Zonzi --- Steven N ['187936'] https://sofifa.com/players?keyword=N'Zonzi&r=180020&set=true 0.3137254901960784
#######################
New match. Index: 29066
#######################
#######################
New match. Index: 29067
#######################
#######################
New match. Index: 29068
#######################
#######################
New match. Index: 29069
#######################
#######################
New match. Index: 29070
#######################
#######################
New match. Index: 29071
#######################
#######################
New match. Index: 29072
#######################
#######################
New match. Index: 29073
#######################
### WARNING ### Player: Steven N'Kemboanza Mike Christopher N'Zonzi --- Steven N ['187936'] https://sofifa.com/players?keyword=N'Zonzi&r=180021&set=true 0.3137254901960784
#######################
New match. Index: 29074
#######################
#######################
New match. Index: 29075
#######################
#######################
New match. Index: 29076
#######################
#######################
New match. Index: 29077
#######################
#######################
New match. Index: 29078
#######################
#######################
New match. Index: 29079
#######################
#######################
New match. Index: 29080
#######################
#######################
New match. Index: 29081
#######################
#######################
New match. Index: 29082
#######################
#######################
New match. Index: 29083
#######################
#######################
New match. Index: 29084
#######################
#######################
New match. Index: 29085
#######################
#######################
New match. Index: 29086
#######################
#######################
New match. Index: 29087
#######################
#######################
New match. Index: 29088
#######################
#######################
New match. Index: 29089
#######################
#######################
New match. Index: 29090
#######################
#######################
New match. Index: 29091
#######################
#######################
New match. Index: 29092
#######################
#######################
New match. Index: 29093
#######################
#######################
New match. Index: 29094
#######################
#######################
New match. Index: 29095
#######################
#######################
New match. Index: 29096
#######################
### WARNING ### Player: Mehdi Gregory Giuseppe Lacen --- Mehdi Lacen  ['169432'] https://sofifa.com/players?keyword=Lacen&r=180023&set=true 0.5641025641025641
#######################
New match. Index: 29097
#######################
#######################
New match. Index: 29098
#######################
#######################
New match. Index: 29099
#######################
#######################
New match. Index: 29100
#######################
#######################
New match. Index: 29101
#######################
#######################
New match. Index: 29102
#######################
#######################
New match. Index: 29103
#######################
#######################
New match. Index: 29104
#######################
#######################
New match. Index: 29105
#######################
#######################
New match. Index: 29106
#######################
#######################
New match. Index: 29107
#######################
#######################
New match. Index: 29108
#######################
### WARNING ### Player: Mehdi Gregory Giuseppe Lacen --- Mehdi Lacen  ['169432'] https://sofifa.com/players?keyword=Lacen&r=180024&set=true 0.5641025641025641
#######################
New match. Index: 29109
#######################
#######################
New match. Index: 29110
#######################
#######################
New match. Index: 29111
#######################
#######################
New match. Index: 29112
#######################
#######################
New match. Index: 29113
#######################
#######################
New match. Index: 29114
#######################
#######################
New match. Index: 29115
#######################
#######################
New match. Index: 29116
#######################
#######################
New match. Index: 29117
#######################
#######################
New match. Index: 29118
#######################
### WARNING ### Player: Mehdi Gregory Giuseppe Lacen --- Mehdi Lacen  ['169432'] https://sofifa.com/players?keyword=Lacen&r=180025&set=true 0.5641025641025641
#######################
New match. Index: 29119
#######################
#######################
New match. Index: 29120
#######################
#######################
New match. Index: 29121
#######################
#######################
New match. Index: 29122
#######################
#######################
New match. Index: 29123
#######################
#######################
New match. Index: 29124
#######################
### WARNING ### Player: Mehdi Gregory Giuseppe Lacen --- Mehdi Lacen  ['169432'] https://sofifa.com/players?keyword=Lacen&r=180026&set=true 0.5641025641025641
#######################
New match. Index: 29125
#######################
#######################
New match. Index: 29126
#######################
#######################
New match. Index: 29127
#######################
#######################
New match. Index: 29128
#######################
#######################
New match. Index: 29129
#######################
#######################
New match. Index: 29130
#######################
#######################
New match. Index: 29131
#######################
#######################
New match. Index: 29132
#######################
#######################
New match. Index: 29133
#######################
#######################
New match. Index: 29134
#######################
#######################
New match. Index: 29135
#######################
#######################
New match. Index: 29136
#######################
#######################
New match. Index: 29137
#######################
### WARNING ### Player: Steven N'Kemboanza Mike Christopher N'Zonzi --- Steven N ['187936'] https://sofifa.com/players?keyword=N'Zonzi&r=180027&set=true 0.3137254901960784
#######################
New match. Index: 29138
#######################
#######################
New match. Index: 29139
#######################
#######################
New match. Index: 29140
#######################
#######################
New match. Index: 29141
#######################
### WARNING ### Player: Steven N'Kemboanza Mike Christopher N'Zonzi --- Steven N ['187936'] https://sofifa.com/players?keyword=N'Zonzi&r=180028&set=true 0.3137254901960784
#######################
New match. Index: 29142
#######################
#######################
New match. Index: 29143
#######################
#######################
New match. Index: 29144
#######################
#######################
New match. Index: 29145
#######################
#######################
New match. Index: 29146
#######################
#######################
New match. Index: 29147
#######################
#######################
New match. Index: 29148
#######################
#######################
New match. Index: 29149
#######################
#######################
New match. Index: 29150
#######################
#######################
New match. Index: 29151
#######################
#######################
New match. Index: 29152
#######################
#######################
New match. Index: 29153
#######################
#######################
New match. Index: 29154
#######################
#######################
New match. Index: 29155
#######################
#######################
New match. Index: 29156
#######################
#######################
New match. Index: 29157
#######################
#######################
New match. Index: 29158
#######################
#######################
New match. Index: 29159
#######################
### WARNING ### Player: Steven N'Kemboanza Mike Christopher N'Zonzi --- Steven N ['187936'] https://sofifa.com/players?keyword=N'Zonzi&r=180029&set=true 0.3137254901960784
#######################
New match. Index: 29160
#######################
#######################
New match. Index: 29161
#######################
#######################
New match. Index: 29162
#######################
#######################
New match. Index: 29163
#######################
#######################
New match. Index: 29164
#######################
### WARNING ### Player: Steven N'Kemboanza Mike Christopher N'Zonzi --- Steven N ['187936'] https://sofifa.com/players?keyword=N'Zonzi&r=180030&set=true 0.3137254901960784
#######################
New match. Index: 29165
#######################
#######################
New match. Index: 29166
#######################
#######################
New match. Index: 29167
#######################
### WARNING --- I am really player Giovanni Jesús Navarro Solé
### WARNING --- I am going to use mock id: [225473]
### WARNING ### Player: Giovanni Jesús Navarro Solé --- Giovanni Stefano Sbrissa  [225473] https://sofifa.com/players?keyword=Roberto Olabe del Arco&r=180030&set=true 0.5490196078431373
#######################
New match. Index: 29168
#######################
#######################
New match. Index: 29169
#######################
#######################
New match. Index: 29170
#######################
#######################
New match. Index: 29171
#######################
#######################
New match. Index: 29172
#######################
#######################
New match. Index: 29173
#######################
#######################
New match. Index: 29174
#######################
#######################
New match. Index: 29175
#######################
#######################
New match. Index: 29176
#######################
### WARNING ### Player: Steven N'Kemboanza Mike Christopher N'Zonzi --- Steven N ['187936'] https://sofifa.com/players?keyword=N'Zonzi&r=180031&set=true 0.3137254901960784
#######################
New match. Index: 29177
#######################
#######################
New match. Index: 29178
#######################
#######################
New match. Index: 29179
#######################
### WARNING ### Player: Mehdi Gregory Giuseppe Lacen --- Mehdi Lacen  ['169432'] https://sofifa.com/players?keyword=Lacen&r=180031&set=true 0.5641025641025641
#######################
New match. Index: 29180
#######################
#######################
New match. Index: 29181
#######################
#######################
New match. Index: 29182
#######################
#######################
New match. Index: 29183
#######################
#######################
New match. Index: 29184
#######################
#######################
New match. Index: 29185
#######################
#######################
New match. Index: 29186
#######################
#######################
New match. Index: 29187
#######################
### WARNING ### Player: Steven N'Kemboanza Mike Christopher N'Zonzi --- Steven N ['187936'] https://sofifa.com/players?keyword=N'Zonzi&r=180032&set=true 0.3137254901960784
#######################
#######################
New match. Index: 29188
#######################
### WARNING ### Player: Mehdi Gregory Giuseppe Lacen --- Mehdi Lacen  ['169432'] https://sofifa.com/players?keyword=Lacen&r=180032&set=true 0.5641025641025641
#######################
New match. Index: 29189
#######################
#######################
New match. Index: 29190
#######################
#######################
New match. Index: 29191
#######################
#######################
New match. Index: 29192
#######################
#######################
New match. Index: 29193
#######################
#######################
New match. Index: 29194
#######################
### WARNING ### Player: Mehdi Gregory Giuseppe Lacen --- Mehdi Lacen  ['169432'] https://sofifa.com/players?keyword=Lacen&r=180033&set=true 0.5641025641025641
#######################
New match. Index: 29195
#######################
#######################
New match. Index: 29196
#######################
### WARNING ### Player: Steven N'Kemboanza Mike Christopher N'Zonzi --- Steven N ['187936'] https://sofifa.com/players?keyword=N'Zonzi&r=180033&set=true 0.3137254901960784
#######################
New match. Index: 29197
#######################
#######################
New match. Index: 29198
#######################
#######################
New match. Index: 29199
#######################
#######################
New match. Index: 29200
#######################
### WARNING ### Player: Mehdi Gregory Giuseppe Lacen --- Mehdi Lacen  ['169432'] https://sofifa.com/players?keyword=Lacen&r=180034&set=true 0.5641025641025641
#######################
New match. Index: 29201
#######################
### WARNING ### Player: Steven N'Kemboanza Mike Christopher N'Zonzi --- Steven N ['187936'] https://sofifa.com/players?keyword=N'Zonzi&r=180034&set=true 0.3137254901960784
#######################
New match. Index: 29202
#######################
#######################
New match. Index: 29203
#######################
#######################
New match. Index: 29204
#######################
#######################
New match. Index: 29205
#######################
#######################
New match. Index: 29206
#######################
#######################
New match. Index: 29207
#######################
#######################
New match. Index: 29208
#######################
#######################
New match. Index: 29209
#######################
#######################
New match. Index: 29210
#######################
#######################
New match. Index: 29211
#######################
#######################
New match. Index: 29212
#######################
#######################
New match. Index: 29213
#######################
#######################
New match. Index: 29214
#######################
#######################
New match. Index: 29215
#######################
#######################
New match. Index: 29216
#######################
#######################
New match. Index: 29217
#######################
#######################
New match. Index: 29218
#######################
### WARNING ### Player: Mehdi Gregory Giuseppe Lacen --- Mehdi Lacen  ['169432'] https://sofifa.com/players?keyword=Lacen&r=180035&set=true 0.5641025641025641
### WARNING ### Player: Steven N'Kemboanza Mike Christopher N'Zonzi --- Steven N ['187936'] https://sofifa.com/players?keyword=N'Zonzi&r=180035&set=true 0.3137254901960784
#######################
New match. Index: 29219
#######################
#######################
New match. Index: 29220
#######################
### WARNING ### Player: Mehdi Gregory Giuseppe Lacen --- Mehdi Lacen  ['169432'] https://sofifa.com/players?keyword=Lacen&r=180036&set=true 0.5641025641025641
#######################
New match. Index: 29221
#######################
#######################
New match. Index: 29222
#######################
#######################
New match. Index: 29223
#######################
#######################
New match. Index: 29224
#######################
#######################
New match. Index: 29225
#######################
#######################
New match. Index: 29226
#######################
### WARNING ### Player: Steven N'Kemboanza Mike Christopher N'Zonzi --- Steven N ['187936'] https://sofifa.com/players?keyword=N'Zonzi&r=180036&set=true 0.3137254901960784
#######################
New match. Index: 29227
#######################
#######################
New match. Index: 29228
#######################
#######################
New match. Index: 29229
#######################
#######################
New match. Index: 29230
#######################
#######################
New match. Index: 29231
#######################
### WARNING ### Player: Steven N'Kemboanza Mike Christopher N'Zonzi --- Steven N ['187936'] https://sofifa.com/players?keyword=N'Zonzi&r=180037&set=true 0.3137254901960784
#######################
New match. Index: 29232
#######################
### WARNING ### Player: Mehdi Gregory Giuseppe Lacen --- Mehdi Lacen  ['169432'] https://sofifa.com/players?keyword=Lacen&r=180037&set=true 0.5641025641025641
#######################
New match. Index: 29233
#######################
#######################
New match. Index: 29234
#######################
#######################
New match. Index: 29235
#######################
#######################
New match. Index: 29236
#######################
#######################
New match. Index: 29237
#######################
#######################
New match. Index: 29238
#######################
#######################
New match. Index: 29239
#######################
#######################
New match. Index: 29240
#######################
#######################
New match. Index: 29241
#######################
#######################
New match. Index: 29242
#######################
#######################
New match. Index: 29243
#######################
### WARNING ### Player: Steven N'Kemboanza Mike Christopher N'Zonzi --- Steven N ['187936'] https://sofifa.com/players?keyword=N'Zonzi&r=180038&set=true 0.3137254901960784
#######################
New match. Index: 29244
#######################
#######################
New match. Index: 29245
#######################
#######################
New match. Index: 29246
#######################
### WARNING ### Player: Mehdi Gregory Giuseppe Lacen --- Mehdi Lacen  ['169432'] https://sofifa.com/players?keyword=Lacen&r=180038&set=true 0.5641025641025641
#######################
New match. Index: 29247
#######################
#######################
New match. Index: 29248
#######################
#######################
New match. Index: 29249
#######################
#######################
New match. Index: 29250
#######################
#######################
New match. Index: 29251
#######################
#######################
New match. Index: 29252
#######################
#######################
New match. Index: 29253
#######################
#######################
New match. Index: 29254
#######################
#######################
New match. Index: 29255
#######################
#######################
New match. Index: 29256
#######################
#######################
New match. Index: 29257
#######################
### WARNING ### Player: Steven N'Kemboanza Mike Christopher N'Zonzi --- Steven N ['187936'] https://sofifa.com/players?keyword=N'Zonzi&r=180039&set=true 0.3137254901960784
#######################
New match. Index: 29258
#######################
### WARNING ### Player: Mehdi Gregory Giuseppe Lacen --- Mehdi Lacen  ['169432'] https://sofifa.com/players?keyword=Lacen&r=180041&set=true 0.5641025641025641
#######################
New match. Index: 29259
#######################
#######################
New match. Index: 29260
#######################
#######################
New match. Index: 29261
#######################
### WARNING ### Player: Mehdi Gregory Giuseppe Lacen --- Mehdi Lacen  ['169432'] https://sofifa.com/players?keyword=Lacen&r=180041&set=true 0.5641025641025641
#######################
New match. Index: 29262
#######################
### WARNING ### Player: Steven N'Kemboanza Mike Christopher N'Zonzi --- Steven N ['187936'] https://sofifa.com/players?keyword=N'Zonzi&r=180040&set=true 0.3137254901960784
#######################
New match. Index: 29263
#######################
#######################
New match. Index: 29264
#######################
#######################
New match. Index: 29265
#######################
#######################
New match. Index: 29266
#######################
#######################
New match. Index: 29267
#######################
#######################
New match. Index: 29268
#######################
#######################
New match. Index: 29269
#######################
#######################
New match. Index: 29270
#######################
#######################
New match. Index: 29271
#######################
#######################
New match. Index: 29272
#######################
#######################
New match. Index: 29273
#######################
#######################
New match. Index: 29274
#######################
#######################
New match. Index: 29275
#######################
#######################
New match. Index: 29276
#######################
#######################
New match. Index: 29277
#######################
#######################
New match. Index: 29278
#######################
### WARNING ### Player: Steven N'Kemboanza Mike Christopher N'Zonzi --- Steven N ['187936'] https://sofifa.com/players?keyword=N'Zonzi&r=180041&set=true 0.3137254901960784
#######################
New match. Index: 29279
#######################
### WARNING ### Player: Mehdi Gregory Giuseppe Lacen --- Mehdi Lacen  ['169432'] https://sofifa.com/players?keyword=Lacen&r=180041&set=true 0.5641025641025641
#######################
New match. Index: 29280
#######################
#######################
New match. Index: 29281
#######################
### WARNING ### Player: Mehdi Gregory Giuseppe Lacen --- Mehdi Lacen  ['169432'] https://sofifa.com/players?keyword=Lacen&r=180042&set=true 0.5641025641025641
#######################
New match. Index: 29282
#######################
#######################
New match. Index: 29283
#######################
#######################
New match. Index: 29284
#######################
#######################
New match. Index: 29285
#######################
#######################
New match. Index: 29286
#######################
#######################
New match. Index: 29287
#######################
#######################
New match. Index: 29288
#######################
#######################
New match. Index: 29289
#######################
#######################
New match. Index: 29290
#######################
#######################
New match. Index: 29291
#######################
#######################
New match. Index: 29292
#######################
#######################
New match. Index: 29293
#######################
#######################
New match. Index: 29294
#######################
### WARNING ### Player: Steven N'Kemboanza Mike Christopher N'Zonzi --- Steven N ['187936'] https://sofifa.com/players?keyword=N'Zonzi&r=180043&set=true 0.3137254901960784
#######################
New match. Index: 29295
#######################
### WARNING ### Player: Mehdi Gregory Giuseppe Lacen --- Mehdi Lacen  ['169432'] https://sofifa.com/players?keyword=Lacen&r=180043&set=true 0.5641025641025641
#######################
New match. Index: 29296
#######################
#######################
New match. Index: 29297
#######################
#######################
New match. Index: 29298
#######################
#######################
New match. Index: 29299
#######################
#######################
New match. Index: 29300
#######################
#######################
New match. Index: 29301
#######################
#######################
New match. Index: 29302
#######################
#######################
New match. Index: 29303
#######################
#######################
New match. Index: 29304
#######################
#######################
New match. Index: 29305
#######################
### WARNING ### Player: Mehdi Gregory Giuseppe Lacen --- Mehdi Lacen  ['169432'] https://sofifa.com/players?keyword=Lacen&r=180044&set=true 0.5641025641025641
#######################
New match. Index: 29306
#######################
#######################
New match. Index: 29307
#######################
#######################
New match. Index: 29308
#######################
#######################
New match. Index: 29309
#######################
#######################
New match. Index: 29310
#######################
#######################
New match. Index: 29311
#######################
#######################
New match. Index: 29312
#######################
#######################
New match. Index: 29313
#######################
#######################
New match. Index: 29314
#######################
#######################
New match. Index: 29315
#######################
#######################
New match. Index: 29316
#######################
#######################
New match. Index: 29317
#######################
### WARNING ### Player: Steven N'Kemboanza Mike Christopher N'Zonzi --- Steven N ['187936'] https://sofifa.com/players?keyword=N'Zonzi&r=180045&set=true 0.3137254901960784
#######################
New match. Index: 29318
#######################
### WARNING ### Player: Mehdi Gregory Giuseppe Lacen --- Mehdi Lacen  ['169432'] https://sofifa.com/players?keyword=Lacen&r=180045&set=true 0.5641025641025641
#######################
New match. Index: 29319
#######################
#######################
New match. Index: 29320
#######################
### WARNING ### Player: Gonzalo Villar del Fraile --- Diego Marino Villar  ['199493'] https://sofifa.com/players?keyword=Villar&r=180046&set=true 0.45454545454545453
#######################
New match. Index: 29321
#######################
#######################
New match. Index: 29322
#######################
### WARNING ### Player: Mehdi Gregory Giuseppe Lacen --- Mehdi Lacen  ['169432'] https://sofifa.com/players?keyword=Lacen&r=180046&set=true 0.5641025641025641
#######################
#######################
New match. Index: 29323
#######################
#######################
New match. Index: 29324
#######################
#######################
New match. Index: 29325
#######################
#######################
New match. Index: 29326
#######################
### WARNING ### Player: Steven N'Kemboanza Mike Christopher N'Zonzi --- Steven N ['187936'] https://sofifa.com/players?keyword=N'Zonzi&r=180046&set=true 0.3137254901960784
#######################
New match. Index: 29327
#######################
#######################
New match. Index: 29328
#######################
#######################
New match. Index: 29329
#######################
#######################
New match. Index: 29330
#######################
#######################
New match. Index: 29331
#######################
### WARNING --- I am really player Víctor San Bartolomé Prieto
### WARNING --- I am going to use mock id: [189506]
### WARNING ### Player: Víctor San Bartolomé Prieto --- Victor Sanchez Mata  [189506] https://sofifa.com/players?keyword=Daniel Moreno&r=180047&set=true 0.5652173913043478
#######################
New match. Index: 29332
#######################
### WARNING ### Player: Steven N'Kemboanza Mike Christopher N'Zonzi --- Steven N ['187936'] https://sofifa.com/players?keyword=N'Zonzi&r=180047&set=true 0.3137254901960784
#######################
New match. Index: 29333
#######################
### WARNING ### Player: Mehdi Gregory Giuseppe Lacen --- Mehdi Lacen  ['169432'] https://sofifa.com/players?keyword=Lacen&r=180047&set=true 0.5641025641025641
#######################
New match. Index: 29334
#######################
#######################
New match. Index: 29335
#######################
#######################
New match. Index: 29336
#######################
#######################
New match. Index: 29337
#######################
#######################
New match. Index: 29338
#######################
#######################
New match. Index: 29339
#######################
