#######################
New match. Index: 29720
#######################
#######################
New match. Index: 29721
#######################
#######################
New match. Index: 29722
#######################
#######################
New match. Index: 29723
#######################
#######################
New match. Index: 29724
#######################
#######################
New match. Index: 29725
#######################
#######################
New match. Index: 29726
#######################
#######################
New match. Index: 29727
#######################
#######################
New match. Index: 29728
#######################
### WARNING ### Player: Takashi Inui --- Gan  Gui Shi   ['205114'] https://sofifa.com/players?keyword=Takashi Inui&r=200010&set=true 0.25
#######################
New match. Index: 29729
#######################
#######################
New match. Index: 29730
#######################
#######################
New match. Index: 29731
#######################
#######################
New match. Index: 29732
#######################
### WARNING ### Player: Takashi Inui --- Gan  Gui Shi   ['205114'] https://sofifa.com/players?keyword=Takashi Inui&r=200011&set=true 0.25
#######################
New match. Index: 29733
#######################
#######################
New match. Index: 29734
#######################
### WARNING ### Player: Lee Kang In --- igangin Kang-In Lee  ['243780'] https://sofifa.com/players?keyword=Lee&r=200011&set=true 0.4666666666666667
#######################
New match. Index: 29735
#######################
#######################
New match. Index: 29736
#######################
#######################
New match. Index: 29737
#######################
#######################
New match. Index: 29738
#######################
#######################
New match. Index: 29739
#######################
#######################
New match. Index: 29740
#######################
#######################
New match. Index: 29741
#######################
#######################
New match. Index: 29742
#######################
#######################
New match. Index: 29743
#######################
#######################
New match. Index: 29744
#######################
#######################
New match. Index: 29745
#######################
#######################
New match. Index: 29746
#######################
### WARNING ### Player: Lee Kang In --- igangin Kang-In Lee  ['243780'] https://sofifa.com/players?keyword=Lee&r=200012&set=true 0.4666666666666667
### WARNING ### Player: Takefusa Kubo --- Jiu Bao  Jian Ying   ['237681'] https://sofifa.com/players?keyword=Takefusa Kubo&r=200012&set=true 0.1935483870967742
#######################
New match. Index: 29747
#######################
### WARNING ### Player: Takashi Inui --- Gan  Gui Shi   ['205114'] https://sofifa.com/players?keyword=Takashi Inui&r=200012&set=true 0.25
#######################
New match. Index: 29748
#######################
#######################
New match. Index: 29749
#######################
#######################
New match. Index: 29750
#######################
#######################
New match. Index: 29751
#######################
### WARNING ### Player: Lee Kang In --- igangin Kang-In Lee  ['243780'] https://sofifa.com/players?keyword=Lee&r=200013&set=true 0.4666666666666667
#######################
New match. Index: 29752
#######################
#######################
New match. Index: 29753
#######################
#######################
New match. Index: 29754
#######################
### WARNING ### Player: Takashi Inui --- Gan  Gui Shi   ['205114'] https://sofifa.com/players?keyword=Takashi Inui&r=200013&set=true 0.25
#######################
New match. Index: 29755
#######################
#######################
New match. Index: 29756
#######################
### WARNING ### Player: Takefusa Kubo --- Jiu Bao  Jian Ying   ['237681'] https://sofifa.com/players?keyword=Takefusa Kubo&r=200013&set=true 0.1935483870967742
#######################
New match. Index: 29757
#######################
#######################
New match. Index: 29758
#######################
#######################
New match. Index: 29759
#######################
#######################
New match. Index: 29760
#######################
#######################
New match. Index: 29761
#######################
#######################
New match. Index: 29762
#######################
#######################
New match. Index: 29763
#######################
### WARNING ### Player: Takefusa Kubo --- Jiu Bao  Jian Ying   ['237681'] https://sofifa.com/players?keyword=Takefusa Kubo&r=200014&set=true 0.1935483870967742
#######################
New match. Index: 29764
#######################
#######################
New match. Index: 29765
#######################
### WARNING ### Player: Takashi Inui --- Gan  Gui Shi   ['205114'] https://sofifa.com/players?keyword=Takashi Inui&r=200014&set=true 0.25
#######################
New match. Index: 29766
#######################
#######################
New match. Index: 29767
#######################
#######################
New match. Index: 29768
#######################
### WARNING ### Player: Lee Kang In --- igangin Kang-In Lee  ['243780'] https://sofifa.com/players?keyword=Lee&r=200014&set=true 0.4666666666666667
#######################
New match. Index: 29769
#######################
#######################
New match. Index: 29770
#######################
#######################
New match. Index: 29771
#######################
#######################
New match. Index: 29772
#######################
#######################
New match. Index: 29773
#######################
### WARNING ### Player: Takashi Inui --- Gan  Gui Shi   ['205114'] https://sofifa.com/players?keyword=Takashi Inui&r=200015&set=true 0.25
#######################
New match. Index: 29774
#######################
#######################
New match. Index: 29775
#######################
### WARNING ### Player: Takefusa Kubo --- Jiu Bao  Jian Ying   ['237681'] https://sofifa.com/players?keyword=Takefusa Kubo&r=200015&set=true 0.1935483870967742
#######################
New match. Index: 29776
#######################
#######################
New match. Index: 29777
#######################
#######################
New match. Index: 29778
#######################
### WARNING ### Player: Lee Kang In --- igangin Kang-In Lee  ['243780'] https://sofifa.com/players?keyword=Lee&r=200015&set=true 0.4666666666666667
#######################
New match. Index: 29779
#######################
#######################
New match. Index: 29780
#######################
### WARNING ### Player: Takefusa Kubo --- Jiu Bao  Jian Ying   ['237681'] https://sofifa.com/players?keyword=Takefusa Kubo&r=200016&set=true 0.1935483870967742
#######################
New match. Index: 29781
#######################
### WARNING ### Player: Lee Kang In --- igangin Kang-In Lee  ['243780'] https://sofifa.com/players?keyword=Lee&r=200016&set=true 0.4666666666666667
#######################
New match. Index: 29782
#######################
#######################
New match. Index: 29783
#######################
### WARNING ### Player: Takashi Inui --- Gan  Gui Shi   ['205114'] https://sofifa.com/players?keyword=Takashi Inui&r=200016&set=true 0.25
#######################
New match. Index: 29784
#######################
#######################
New match. Index: 29785
#######################
#######################
New match. Index: 29786
#######################
#######################
New match. Index: 29787
#######################
#######################
New match. Index: 29788
#######################
#######################
New match. Index: 29789
#######################
#######################
New match. Index: 29790
#######################
#######################
New match. Index: 29791
#######################
### WARNING ### Player: Takashi Inui --- Gan  Gui Shi   ['205114'] https://sofifa.com/players?keyword=Takashi Inui&r=200017&set=true 0.25
#######################
New match. Index: 29792
#######################
#######################
New match. Index: 29793
#######################
#######################
New match. Index: 29794
#######################
### WARNING ### Player: Takefusa Kubo --- Jiu Bao  Jian Ying   ['237681'] https://sofifa.com/players?keyword=Takefusa Kubo&r=200017&set=true 0.1935483870967742
#######################
New match. Index: 29795
#######################
#######################
New match. Index: 29796
#######################
#######################
New match. Index: 29797
#######################
#######################
New match. Index: 29798
#######################
### WARNING ### Player: Lee Kang In --- igangin Kang-In Lee  ['243780'] https://sofifa.com/players?keyword=Lee&r=200017&set=true 0.4666666666666667
#######################
New match. Index: 29799
#######################
#######################
New match. Index: 29800
#######################
#######################
New match. Index: 29801
#######################
#######################
New match. Index: 29802
#######################
### WARNING ### Player: Lee Kang In --- igangin Kang-In Lee  ['243780'] https://sofifa.com/players?keyword=Lee&r=200018&set=true 0.4666666666666667
#######################
New match. Index: 29803
#######################
### WARNING ### Player: Takashi Inui --- Gan  Gui Shi   ['205114'] https://sofifa.com/players?keyword=Takashi Inui&r=200018&set=true 0.25
#######################
New match. Index: 29804
#######################
#######################
New match. Index: 29805
#######################
#######################
New match. Index: 29806
#######################
#######################
New match. Index: 29807
#######################
### WARNING ### Player: Takefusa Kubo --- Jiu Bao  Jian Ying   ['237681'] https://sofifa.com/players?keyword=Takefusa Kubo&r=200018&set=true 0.1935483870967742
#######################
New match. Index: 29808
#######################
#######################
New match. Index: 29809
#######################
#######################
New match. Index: 29810
#######################
#######################
New match. Index: 29811
#######################
#######################
New match. Index: 29812
#######################
#######################
New match. Index: 29813
#######################
#######################
New match. Index: 29814
#######################
### WARNING ### Player: Takefusa Kubo --- Jiu Bao  Jian Ying   ['237681'] https://sofifa.com/players?keyword=Takefusa Kubo&r=200019&set=true 0.1935483870967742
#######################
New match. Index: 29815
#######################
#######################
New match. Index: 29816
#######################
#######################
New match. Index: 29817
#######################
#######################
New match. Index: 29818
#######################
#######################
New match. Index: 29819
#######################
### WARNING ### Player: Takashi Inui --- Gan  Gui Shi   ['205114'] https://sofifa.com/players?keyword=Takashi Inui&r=200019&set=true 0.25
#######################
New match. Index: 29820
#######################
#######################
New match. Index: 29821
#######################
#######################
New match. Index: 29822
#######################
#######################
New match. Index: 29823
#######################
#######################
New match. Index: 29824
#######################
### WARNING ### Player: Takashi Inui --- Gan  Gui Shi   ['205114'] https://sofifa.com/players?keyword=Takashi Inui&r=200020&set=true 0.25
#######################
New match. Index: 29825
#######################
#######################
New match. Index: 29826
#######################
### WARNING ### Player: Takefusa Kubo --- Jiu Bao  Jian Ying   ['237681'] https://sofifa.com/players?keyword=Takefusa Kubo&r=200020&set=true 0.1935483870967742
#######################
New match. Index: 29827
#######################
#######################
New match. Index: 29828
#######################
#######################
New match. Index: 29829
#######################
### WARNING ### Player: Lee Kang In --- igangin Kang-In Lee  ['243780'] https://sofifa.com/players?keyword=Lee&r=200020&set=true 0.4666666666666667
#######################
New match. Index: 29830
#######################
#######################
New match. Index: 29831
#######################
### WARNING ### Player: Lee Kang In --- igangin Kang-In Lee  ['243780'] https://sofifa.com/players?keyword=Lee&r=200021&set=true 0.4666666666666667
#######################
New match. Index: 29832
#######################
### WARNING ### Player: Gustavo Adrián Ramos Vásquez --- Jordi Alba Ramos  ['189332'] https://sofifa.com/players?keyword=Ramos&r=200021&set=true 0.45454545454545453
#######################
New match. Index: 29833
#######################
### WARNING ### Player: Takashi Inui --- Gan  Gui Shi   ['205114'] https://sofifa.com/players?keyword=Takashi Inui&r=200021&set=true 0.25
#######################
New match. Index: 29834
#######################
#######################
New match. Index: 29835
#######################
#######################
New match. Index: 29836
#######################
#######################
New match. Index: 29837
#######################
#######################
New match. Index: 29838
#######################
#######################
New match. Index: 29839
#######################
### WARNING ### Player: Takefusa Kubo --- Jiu Bao  Jian Ying   ['237681'] https://sofifa.com/players?keyword=Takefusa Kubo&r=200021&set=true 0.1935483870967742
#######################
New match. Index: 29840
#######################
#######################
New match. Index: 29841
#######################
#######################
New match. Index: 29842
#######################
#######################
New match. Index: 29843
#######################
#######################
New match. Index: 29844
#######################
#######################
New match. Index: 29845
#######################
### WARNING ### Player: Takashi Inui --- Gan  Gui Shi   ['205114'] https://sofifa.com/players?keyword=Takashi Inui&r=200022&set=true 0.25
#######################
New match. Index: 29846
#######################
#######################
New match. Index: 29847
#######################
### WARNING ### Player: Takefusa Kubo --- Jiu Bao  Jian Ying   ['237681'] https://sofifa.com/players?keyword=Takefusa Kubo&r=200022&set=true 0.1935483870967742
#######################
New match. Index: 29848
#######################
#######################
New match. Index: 29849
#######################
### WARNING ### Player: Lee Kang In --- igangin Kang-In Lee  ['243780'] https://sofifa.com/players?keyword=Lee&r=200022&set=true 0.4666666666666667
#######################
New match. Index: 29850
#######################
### WARNING ### Player: Lee Kang In --- igangin Kang-In Lee  ['243780'] https://sofifa.com/players?keyword=Lee&r=200023&set=true 0.4666666666666667
#######################
New match. Index: 29851
#######################
### WARNING ### Player: Takashi Inui --- Gan  Gui Shi   ['205114'] https://sofifa.com/players?keyword=Takashi Inui&r=200023&set=true 0.25
#######################
New match. Index: 29852
#######################
#######################
New match. Index: 29853
#######################
#######################
New match. Index: 29854
#######################
####################################################################
ERROR: No ID found when looking in sofifa for: Daniel Morer Cabrera
ERROR: No ID found when looking in sofifa for: Morer
####################################################################
