#######################
New match. Index: 28871
#######################
#######################
New match. Index: 28872
#######################
### WARNING ### Player: Steven N'Kemboanza Mike Christopher N'Zonzi --- Steven N ['187936'] https://sofifa.com/players?keyword=N'Zonzi&r=170039&set=true 0.3137254901960784
#######################
New match. Index: 28873
#######################
#######################
New match. Index: 28874
#######################
#######################
New match. Index: 28875
#######################
#######################
New match. Index: 28876
#######################
#######################
New match. Index: 28877
#######################
#######################
New match. Index: 28878
#######################
####################################################################
ERROR: No ID found when looking in sofifa for: Ignacio Vidal Miralles
ERROR: No ID found when looking in sofifa for: Nacho Vidal
####################################################################
