#######################
New match. Index: 28580
#######################
#######################
New match. Index: 28581
#######################
#######################
New match. Index: 28582
#######################
#######################
New match. Index: 28583
#######################
#######################
New match. Index: 28584
#######################
### WARNING ### Player: Steven N'Kemboanza Mike Christopher N'Zonzi --- Steven N ['187936'] https://sofifa.com/players?keyword=N'Zonzi&r=170010&set=true 0.3137254901960784
### WARNING ### Player: Hiroshi Kiyotake --- Qing Wu  Hong Si   ['210126'] https://sofifa.com/players?keyword=Hiroshi Kiyotake&r=170010&set=true 0.125
#######################
New match. Index: 28585
#######################
#######################
New match. Index: 28586
#######################
#######################
New match. Index: 28587
#######################
#######################
New match. Index: 28588
#######################
#######################
New match. Index: 28589
#######################
#######################
New match. Index: 28590
#######################
#######################
New match. Index: 28591
#######################
#######################
New match. Index: 28592
#######################
#######################
New match. Index: 28593
#######################
#######################
New match. Index: 28594
#######################
#######################
New match. Index: 28595
#######################
#######################
New match. Index: 28596
#######################
#######################
New match. Index: 28597
#######################
#######################
New match. Index: 28598
#######################
#######################
New match. Index: 28599
#######################
### WARNING ### Player: Steven N'Kemboanza Mike Christopher N'Zonzi --- Steven N ['187936'] https://sofifa.com/players?keyword=N'Zonzi&r=170011&set=true 0.3137254901960784
### WARNING ### Player: Hiroshi Kiyotake --- Qing Wu  Hong Si   ['210126'] https://sofifa.com/players?keyword=Hiroshi Kiyotake&r=170011&set=true 0.125
#######################
New match. Index: 28600
#######################
#######################
New match. Index: 28601
#######################
#######################
New match. Index: 28602
#######################
#######################
New match. Index: 28603
#######################
#######################
New match. Index: 28604
#######################
### WARNING ### Player: Steven N'Kemboanza Mike Christopher N'Zonzi --- Steven N ['187936'] https://sofifa.com/players?keyword=N'Zonzi&r=170012&set=true 0.3137254901960784
#######################
New match. Index: 28605
#######################
#######################
New match. Index: 28606
#######################
#######################
New match. Index: 28607
#######################
#######################
New match. Index: 28608
#######################
#######################
New match. Index: 28609
#######################
#######################
New match. Index: 28610
#######################
#######################
New match. Index: 28611
#######################
#######################
New match. Index: 28612
#######################
#######################
New match. Index: 28613
#######################
### WARNING ### Player: Hiroshi Kiyotake --- Qing Wu  Hong Si   ['210126'] https://sofifa.com/players?keyword=Hiroshi Kiyotake&r=170013&set=true 0.125
#######################
New match. Index: 28614
#######################
#######################
New match. Index: 28615
#######################
#######################
New match. Index: 28616
#######################
#######################
New match. Index: 28617
#######################
#######################
New match. Index: 28618
#######################
#######################
New match. Index: 28619
#######################
#######################
New match. Index: 28620
#######################
#######################
New match. Index: 28621
#######################
### WARNING ### Player: Steven N'Kemboanza Mike Christopher N'Zonzi --- Steven N ['187936'] https://sofifa.com/players?keyword=N'Zonzi&r=170014&set=true 0.3137254901960784
### WARNING ### Player: Hiroshi Kiyotake --- Qing Wu  Hong Si   ['210126'] https://sofifa.com/players?keyword=Hiroshi Kiyotake&r=170014&set=true 0.125
#######################
New match. Index: 28622
#######################
#######################
New match. Index: 28623
#######################
#######################
New match. Index: 28624
#######################
#######################
New match. Index: 28625
#######################
#######################
New match. Index: 28626
#######################
#######################
New match. Index: 28627
#######################
#######################
New match. Index: 28628
#######################
#######################
New match. Index: 28629
#######################
#######################
New match. Index: 28630
#######################
#######################
New match. Index: 28631
#######################
#######################
New match. Index: 28632
#######################
#######################
New match. Index: 28633
#######################
### WARNING ### Player: Hiroshi Kiyotake --- Qing Wu  Hong Si   ['210126'] https://sofifa.com/players?keyword=Hiroshi Kiyotake&r=170015&set=true 0.125
### WARNING ### Player: Steven N'Kemboanza Mike Christopher N'Zonzi --- Steven N ['187936'] https://sofifa.com/players?keyword=N'Zonzi&r=170015&set=true 0.3137254901960784
#######################
New match. Index: 28634
#######################
#######################
New match. Index: 28635
#######################
#######################
New match. Index: 28636
#######################
#######################
New match. Index: 28637
#######################
#######################
New match. Index: 28638
#######################
#######################
New match. Index: 28639
#######################
#######################
New match. Index: 28640
#######################
#######################
New match. Index: 28641
#######################
#######################
New match. Index: 28642
#######################
### WARNING ### Player: Steven N'Kemboanza Mike Christopher N'Zonzi --- Steven N ['187936'] https://sofifa.com/players?keyword=N'Zonzi&r=170016&set=true 0.3137254901960784
#######################
New match. Index: 28643
#######################
#######################
New match. Index: 28644
#######################
#######################
New match. Index: 28645
#######################
#######################
New match. Index: 28646
#######################
#######################
New match. Index: 28647
#######################
#######################
New match. Index: 28648
#######################
#######################
New match. Index: 28649
#######################
#######################
New match. Index: 28650
#######################
#######################
New match. Index: 28651
#######################
### WARNING ### Player: Steven N'Kemboanza Mike Christopher N'Zonzi --- Steven N ['187936'] https://sofifa.com/players?keyword=N'Zonzi&r=170017&set=true 0.3137254901960784
#######################
New match. Index: 28652
#######################
#######################
New match. Index: 28653
#######################
#######################
New match. Index: 28654
#######################
#######################
New match. Index: 28655
#######################
#######################
New match. Index: 28656
#######################
#######################
New match. Index: 28657
#######################
#######################
New match. Index: 28658
#######################
#######################
New match. Index: 28659
#######################
#######################
New match. Index: 28660
#######################
#######################
New match. Index: 28661
#######################
#######################
New match. Index: 28662
#######################
#######################
New match. Index: 28663
#######################
#######################
New match. Index: 28664
#######################
#######################
New match. Index: 28665
#######################
#######################
New match. Index: 28666
#######################
### WARNING ### Player: Steven N'Kemboanza Mike Christopher N'Zonzi --- Steven N ['187936'] https://sofifa.com/players?keyword=N'Zonzi&r=170018&set=true 0.3137254901960784
#######################
New match. Index: 28667
#######################
#######################
New match. Index: 28668
#######################
#######################
New match. Index: 28669
#######################
#######################
New match. Index: 28670
#######################
#######################
New match. Index: 28671
#######################
#######################
New match. Index: 28672
#######################
### WARNING ### Player: Steven N'Kemboanza Mike Christopher N'Zonzi --- Steven N ['187936'] https://sofifa.com/players?keyword=N'Zonzi&r=170019&set=true 0.3137254901960784
#######################
New match. Index: 28673
#######################
#######################
New match. Index: 28674
#######################
#######################
New match. Index: 28675
#######################
#######################
New match. Index: 28676
#######################
#######################
New match. Index: 28677
#######################
#######################
New match. Index: 28678
#######################
#######################
New match. Index: 28679
#######################
#######################
New match. Index: 28680
#######################
#######################
New match. Index: 28681
#######################
#######################
New match. Index: 28682
#######################
#######################
New match. Index: 28683
#######################
#######################
New match. Index: 28684
#######################
#######################
New match. Index: 28685
#######################
#######################
New match. Index: 28686
#######################
#######################
New match. Index: 28687
#######################
#######################
New match. Index: 28688
#######################
#######################
New match. Index: 28689
#######################
### WARNING ### Player: Steven N'Kemboanza Mike Christopher N'Zonzi --- Steven N ['187936'] https://sofifa.com/players?keyword=N'Zonzi&r=170020&set=true 0.3137254901960784
### WARNING ### Player: Hiroshi Kiyotake --- Qing Wu  Hong Si   ['210126'] https://sofifa.com/players?keyword=Hiroshi Kiyotake&r=170020&set=true 0.125
#######################
New match. Index: 28690
#######################
#######################
New match. Index: 28691
#######################
### WARNING ### Player: Steven N'Kemboanza Mike Christopher N'Zonzi --- Steven N ['187936'] https://sofifa.com/players?keyword=N'Zonzi&r=170021&set=true 0.3137254901960784
#######################
New match. Index: 28692
#######################
#######################
New match. Index: 28693
#######################
#######################
New match. Index: 28694
#######################
#######################
New match. Index: 28695
#######################
#######################
New match. Index: 28696
#######################
#######################
New match. Index: 28697
#######################
#######################
New match. Index: 28698
#######################
#######################
New match. Index: 28699
#######################
#######################
New match. Index: 28700
#######################
#######################
New match. Index: 28701
#######################
#######################
New match. Index: 28702
#######################
#######################
New match. Index: 28703
#######################
#######################
New match. Index: 28704
#######################
### WARNING ### Player: Steven N'Kemboanza Mike Christopher N'Zonzi --- Steven N ['187936'] https://sofifa.com/players?keyword=N'Zonzi&r=170022&set=true 0.3137254901960784
### WARNING ### Player: Hiroshi Kiyotake --- Qing Wu  Hong Si   ['210126'] https://sofifa.com/players?keyword=Hiroshi Kiyotake&r=170022&set=true 0.125
#######################
New match. Index: 28705
#######################
#######################
New match. Index: 28706
#######################
#######################
New match. Index: 28707
#######################
#######################
New match. Index: 28708
#######################
#######################
New match. Index: 28709
#######################
#######################
New match. Index: 28710
#######################
### WARNING ### Player: Steven N'Kemboanza Mike Christopher N'Zonzi --- Steven N ['187936'] https://sofifa.com/players?keyword=N'Zonzi&r=170023&set=true 0.3137254901960784
### WARNING ### Player: Hiroshi Kiyotake --- Qing Wu  Hong Si   ['210126'] https://sofifa.com/players?keyword=Hiroshi Kiyotake&r=170023&set=true 0.125
#######################
New match. Index: 28711
#######################
#######################
New match. Index: 28712
#######################
#######################
New match. Index: 28713
#######################
#######################
New match. Index: 28714
#######################
#######################
New match. Index: 28715
#######################
#######################
New match. Index: 28716
#######################
#######################
New match. Index: 28717
#######################
#######################
New match. Index: 28718
#######################
#######################
New match. Index: 28719
#######################
#######################
New match. Index: 28720
#######################
#######################
New match. Index: 28721
#######################
#######################
New match. Index: 28722
#######################
#######################
New match. Index: 28723
#######################
#######################
New match. Index: 28724
#######################
#######################
New match. Index: 28725
#######################
#######################
New match. Index: 28726
#######################
### WARNING ### Player: Steven N'Kemboanza Mike Christopher N'Zonzi --- Steven N ['187936'] https://sofifa.com/players?keyword=N'Zonzi&r=170024&set=true 0.3137254901960784
### WARNING ### Player: Hiroshi Kiyotake --- Qing Wu  Hong Si   ['210126'] https://sofifa.com/players?keyword=Hiroshi Kiyotake&r=170024&set=true 0.125
#######################
New match. Index: 28727
#######################
#######################
New match. Index: 28728
#######################
#######################
New match. Index: 28729
#######################
#######################
New match. Index: 28730
#######################
#######################
New match. Index: 28731
#######################
#######################
New match. Index: 28732
#######################
#######################
New match. Index: 28733
#######################
#######################
New match. Index: 28734
#######################
### WARNING ### Player: Steven N'Kemboanza Mike Christopher N'Zonzi --- Steven N ['187936'] https://sofifa.com/players?keyword=N'Zonzi&r=170025&set=true 0.3137254901960784
### WARNING ### Player: Hiroshi Kiyotake --- Qing Wu  Hong Si   ['210126'] https://sofifa.com/players?keyword=Hiroshi Kiyotake&r=170025&set=true 0.125
#######################
New match. Index: 28735
#######################
#######################
New match. Index: 28736
#######################
#######################
New match. Index: 28737
#######################
#######################
New match. Index: 28738
#######################
#######################
New match. Index: 28739
#######################
#######################
New match. Index: 28740
#######################
#######################
New match. Index: 28741
#######################
#######################
New match. Index: 28742
#######################
#######################
New match. Index: 28743
#######################
### WARNING ### Player: Steven N'Kemboanza Mike Christopher N'Zonzi --- Steven N ['187936'] https://sofifa.com/players?keyword=N'Zonzi&r=170026&set=true 0.3137254901960784
#######################
New match. Index: 28744
#######################
#######################
New match. Index: 28745
#######################
#######################
New match. Index: 28746
#######################
#######################
New match. Index: 28747
#######################
#######################
New match. Index: 28748
#######################
#######################
New match. Index: 28749
#######################
#######################
New match. Index: 28750
#######################
#######################
New match. Index: 28751
#######################
#######################
New match. Index: 28752
#######################
#######################
New match. Index: 28753
#######################
#######################
New match. Index: 28754
#######################
#######################
New match. Index: 28755
#######################
#######################
New match. Index: 28756
#######################
#######################
New match. Index: 28757
#######################
### WARNING ### Player: Steven N'Kemboanza Mike Christopher N'Zonzi --- Steven N ['187936'] https://sofifa.com/players?keyword=N'Zonzi&r=170027&set=true 0.3137254901960784
#######################
New match. Index: 28758
#######################
#######################
New match. Index: 28759
#######################
#######################
New match. Index: 28760
#######################
#######################
New match. Index: 28761
#######################
#######################
New match. Index: 28762
#######################
#######################
New match. Index: 28763
#######################
#######################
New match. Index: 28764
#######################
### WARNING ### Player: Steven N'Kemboanza Mike Christopher N'Zonzi --- Steven N ['187936'] https://sofifa.com/players?keyword=N'Zonzi&r=170028&set=true 0.3137254901960784
### WARNING ### Player: Hiroshi Kiyotake --- Qing Wu  Hong Si   ['210126'] https://sofifa.com/players?keyword=Hiroshi Kiyotake&r=170028&set=true 0.125
#######################
New match. Index: 28765
#######################
#######################
New match. Index: 28766
#######################
#######################
New match. Index: 28767
#######################
#######################
New match. Index: 28768
#######################
#######################
New match. Index: 28769
#######################
#######################
New match. Index: 28770
#######################
#######################
New match. Index: 28771
#######################
#######################
New match. Index: 28772
#######################
#######################
New match. Index: 28773
#######################
#######################
New match. Index: 28774
#######################
#######################
New match. Index: 28775
#######################
### WARNING ### Player: Steven N'Kemboanza Mike Christopher N'Zonzi --- Steven N ['187936'] https://sofifa.com/players?keyword=N'Zonzi&r=170029&set=true 0.3137254901960784
#######################
New match. Index: 28776
#######################
#######################
New match. Index: 28777
#######################
#######################
New match. Index: 28778
#######################
#######################
New match. Index: 28779
#######################
#######################
New match. Index: 28780
#######################
#######################
New match. Index: 28781
#######################
#######################
New match. Index: 28782
#######################
#######################
New match. Index: 28783
#######################
### WARNING ### Player: Steven N'Kemboanza Mike Christopher N'Zonzi --- Steven N ['187936'] https://sofifa.com/players?keyword=N'Zonzi&r=170030&set=true 0.3137254901960784
#######################
New match. Index: 28784
#######################
#######################
New match. Index: 28785
#######################
#######################
New match. Index: 28786
#######################
#######################
New match. Index: 28787
#######################
#######################
New match. Index: 28788
#######################
#######################
New match. Index: 28789
#######################
#######################
New match. Index: 28790
#######################
#######################
New match. Index: 28791
#######################
#######################
New match. Index: 28792
#######################
#######################
New match. Index: 28793
#######################
#######################
New match. Index: 28794
#######################
### WARNING ### Player: Steven N'Kemboanza Mike Christopher N'Zonzi --- Steven N ['187936'] https://sofifa.com/players?keyword=N'Zonzi&r=170031&set=true 0.3137254901960784
#######################
New match. Index: 28795
#######################
#######################
New match. Index: 28796
#######################
#######################
New match. Index: 28797
#######################
#######################
New match. Index: 28798
#######################
#######################
New match. Index: 28799
#######################
#######################
New match. Index: 28800
#######################
#######################
New match. Index: 28801
#######################
### WARNING ### Player: Steven N'Kemboanza Mike Christopher N'Zonzi --- Steven N ['187936'] https://sofifa.com/players?keyword=N'Zonzi&r=170032&set=true 0.3137254901960784
#######################
New match. Index: 28802
#######################
#######################
New match. Index: 28803
#######################
#######################
New match. Index: 28804
#######################
#######################
New match. Index: 28805
#######################
#######################
New match. Index: 28806
#######################
#######################
New match. Index: 28807
#######################
#######################
New match. Index: 28808
#######################
#######################
New match. Index: 28809
#######################
#######################
New match. Index: 28810
#######################
### WARNING ### Player: Steven N'Kemboanza Mike Christopher N'Zonzi --- Steven N ['187936'] https://sofifa.com/players?keyword=N'Zonzi&r=170033&set=true 0.3137254901960784
#######################
New match. Index: 28811
#######################
#######################
New match. Index: 28812
#######################
#######################
New match. Index: 28813
#######################
#######################
New match. Index: 28814
#######################
#######################
New match. Index: 28815
#######################
#######################
New match. Index: 28816
#######################
#######################
New match. Index: 28817
#######################
#######################
New match. Index: 28818
#######################
#######################
New match. Index: 28819
#######################
#######################
New match. Index: 28820
#######################
#######################
New match. Index: 28821
#######################
#######################
New match. Index: 28822
#######################
#######################
New match. Index: 28823
#######################
#######################
New match. Index: 28824
#######################
#######################
New match. Index: 28825
#######################
#######################
New match. Index: 28826
#######################
#######################
New match. Index: 28827
#######################
#######################
New match. Index: 28828
#######################
#######################
New match. Index: 28829
#######################
#######################
New match. Index: 28830
#######################
#######################
New match. Index: 28831
#######################
#######################
New match. Index: 28832
#######################
#######################
New match. Index: 28833
#######################
#######################
New match. Index: 28834
#######################
#######################
New match. Index: 28835
#######################
#######################
New match. Index: 28836
#######################
#######################
New match. Index: 28837
#######################
### WARNING ### Player: Steven N'Kemboanza Mike Christopher N'Zonzi --- Steven N ['187936'] https://sofifa.com/players?keyword=N'Zonzi&r=170035&set=true 0.3137254901960784
#######################
New match. Index: 28838
#######################
#######################
New match. Index: 28839
#######################
#######################
New match. Index: 28840
#######################
#######################
New match. Index: 28841
#######################
### WARNING ### Player: Steven N'Kemboanza Mike Christopher N'Zonzi --- Steven N ['187936'] https://sofifa.com/players?keyword=N'Zonzi&r=170036&set=true 0.3137254901960784
#######################
New match. Index: 28842
#######################
#######################
New match. Index: 28843
#######################
#######################
New match. Index: 28844
#######################
#######################
New match. Index: 28845
#######################
#######################
New match. Index: 28846
#######################
#######################
New match. Index: 28847
#######################
#######################
New match. Index: 28848
#######################
#######################
New match. Index: 28849
#######################
#######################
New match. Index: 28850
#######################
#######################
New match. Index: 28851
#######################
#######################
New match. Index: 28852
#######################
#######################
New match. Index: 28853
#######################
#######################
New match. Index: 28854
#######################
#######################
New match. Index: 28855
#######################
### WARNING ### Player: Steven N'Kemboanza Mike Christopher N'Zonzi --- Steven N ['187936'] https://sofifa.com/players?keyword=N'Zonzi&r=170037&set=true 0.3137254901960784
#######################
New match. Index: 28856
#######################
#######################
New match. Index: 28857
#######################
#######################
New match. Index: 28858
#######################
#######################
New match. Index: 28859
#######################
#######################
New match. Index: 28860
#######################
#######################
New match. Index: 28861
#######################
#######################
New match. Index: 28862
#######################
#######################
New match. Index: 28863
#######################
#######################
New match. Index: 28864
#######################
### WARNING ### Player: Steven N'Kemboanza Mike Christopher N'Zonzi --- Steven N ['187936'] https://sofifa.com/players?keyword=N'Zonzi&r=170038&set=true 0.3137254901960784
#######################
New match. Index: 28865
#######################
#######################
New match. Index: 28866
#######################
#######################
New match. Index: 28867
#######################
#######################
New match. Index: 28868
#######################
#######################
New match. Index: 28869
#######################
#######################
New match. Index: 28870
#######################
#######################
New match. Index: 28871
#######################
#######################
New match. Index: 28872
#######################
### WARNING ### Player: Steven N'Kemboanza Mike Christopher N'Zonzi --- Steven N ['187936'] https://sofifa.com/players?keyword=N'Zonzi&r=170039&set=true 0.3137254901960784
#######################
New match. Index: 28873
#######################
#######################
New match. Index: 28874
#######################
#######################
New match. Index: 28875
#######################
#######################
New match. Index: 28876
#######################
#######################
New match. Index: 28877
#######################
#######################
New match. Index: 28878
#######################
#######################
New match. Index: 28879
#######################
#######################
New match. Index: 28880
#######################
#######################
New match. Index: 28881
#######################
#######################
New match. Index: 28882
#######################
### WARNING ### Player: Steven N'Kemboanza Mike Christopher N'Zonzi --- Steven N ['187936'] https://sofifa.com/players?keyword=N'Zonzi&r=170040&set=true 0.3137254901960784
#######################
New match. Index: 28883
#######################
#######################
New match. Index: 28884
#######################
#######################
New match. Index: 28885
#######################
#######################
New match. Index: 28886
#######################
#######################
New match. Index: 28887
#######################
#######################
New match. Index: 28888
#######################
#######################
New match. Index: 28889
#######################
#######################
New match. Index: 28890
#######################
#######################
New match. Index: 28891
#######################
#######################
New match. Index: 28892
#######################
#######################
New match. Index: 28893
#######################
#######################
New match. Index: 28894
#######################
#######################
New match. Index: 28895
#######################
### WARNING ### Player: Steven N'Kemboanza Mike Christopher N'Zonzi --- Steven N ['187936'] https://sofifa.com/players?keyword=N'Zonzi&r=170041&set=true 0.3137254901960784
#######################
New match. Index: 28896
#######################
#######################
New match. Index: 28897
#######################
#######################
New match. Index: 28898
#######################
####################################################################
ERROR: More than 1 possible ID when looking in sofifa for: José Carlos Lazo Romero
####################################################################
#######################
New match. Index: 28898
#######################
#######################
New match. Index: 28899
#######################
### WARNING ### Player: Steven N'Kemboanza Mike Christopher N'Zonzi --- Steven N ['187936'] https://sofifa.com/players?keyword=N'Zonzi&r=170042&set=true 0.3137254901960784
#######################
New match. Index: 28900
#######################
#######################
New match. Index: 28901
#######################
#######################
New match. Index: 28902
#######################
#######################
New match. Index: 28903
#######################
#######################
New match. Index: 28904
#######################
#######################
New match. Index: 28905
#######################
#######################
New match. Index: 28906
#######################
#######################
New match. Index: 28907
#######################
#######################
New match. Index: 28908
#######################
#######################
New match. Index: 28909
#######################
#######################
New match. Index: 28910
#######################
#######################
New match. Index: 28911
#######################
#######################
New match. Index: 28912
#######################
#######################
New match. Index: 28913
#######################
#######################
New match. Index: 28914
#######################
#######################
New match. Index: 28915
#######################
#######################
New match. Index: 28916
#######################
#######################
New match. Index: 28917
#######################
### WARNING ### Player: Steven N'Kemboanza Mike Christopher N'Zonzi --- Steven N ['187936'] https://sofifa.com/players?keyword=N'Zonzi&r=170043&set=true 0.3137254901960784
#######################
New match. Index: 28918
#######################
#######################
New match. Index: 28919
#######################
#######################
New match. Index: 28920
#######################
#######################
New match. Index: 28921
#######################
#######################
New match. Index: 28922
#######################
#######################
New match. Index: 28923
#######################
#######################
New match. Index: 28924
#######################
#######################
New match. Index: 28925
#######################
#######################
New match. Index: 28926
#######################
#######################
New match. Index: 28927
#######################
#######################
New match. Index: 28928
#######################
### WARNING ### Player: Steven N'Kemboanza Mike Christopher N'Zonzi --- Steven N ['187936'] https://sofifa.com/players?keyword=N'Zonzi&r=170044&set=true 0.3137254901960784
#######################
New match. Index: 28929
#######################
### WARNING ### Player: Steven N'Kemboanza Mike Christopher N'Zonzi --- Steven N ['187936'] https://sofifa.com/players?keyword=N'Zonzi&r=170045&set=true 0.3137254901960784
#######################
New match. Index: 28930
#######################
#######################
New match. Index: 28931
#######################
####################################################################
ERROR: More than 1 possible ID when looking in sofifa for: Rafael Muñoz Benavides
####################################################################
#######################
New match. Index: 28931
#######################
### WARNING --- I am really player Rafael Muñoz Benavides
### WARNING --- I am going to use mock id: [246276]
#######################
New match. Index: 28932
#######################
#######################
New match. Index: 28933
#######################
#######################
New match. Index: 28934
#######################
#######################
New match. Index: 28935
#######################
#######################
New match. Index: 28936
#######################
#######################
New match. Index: 28937
#######################
#######################
New match. Index: 28938
#######################
#######################
New match. Index: 28939
#######################
#######################
New match. Index: 28940
#######################
#######################
New match. Index: 28941
#######################
#######################
New match. Index: 28942
#######################
### WARNING --- I am really player Rafael Muñoz Benavides
### WARNING --- I am going to use mock id: [246276]
#######################
New match. Index: 28943
#######################
#######################
New match. Index: 28944
#######################
#######################
New match. Index: 28945
#######################
#######################
New match. Index: 28946
#######################
#######################
New match. Index: 28947
#######################
### WARNING ### Player: Steven N'Kemboanza Mike Christopher N'Zonzi --- Steven N ['187936'] https://sofifa.com/players?keyword=N'Zonzi&r=170046&set=true 0.3137254901960784
#######################
New match. Index: 28948
#######################
#######################
New match. Index: 28950
#######################
#######################
New match. Index: 28951
#######################
#######################
New match. Index: 28952
#######################
#######################
New match. Index: 28953
#######################
#######################
New match. Index: 28954
#######################
### WARNING ### Player: Steven N'Kemboanza Mike Christopher N'Zonzi --- Steven N ['187936'] https://sofifa.com/players?keyword=N'Zonzi&r=170047&set=true 0.3137254901960784
#######################
New match. Index: 28955
#######################
#######################
New match. Index: 28956
#######################
#######################
New match. Index: 28957
#######################
#######################
New match. Index: 28958
#######################
#######################
New match. Index: 28959
#######################
#######################
New match. Index: 28838
#######################
#######################
New match. Index: 28949
#######################
