#######################
New match. Index: 28898
#######################
#######################
New match. Index: 28899
#######################
### WARNING ### Player: Steven N'Kemboanza Mike Christopher N'Zonzi --- Steven N ['187936'] https://sofifa.com/players?keyword=N'Zonzi&r=170042&set=true 0.3137254901960784
#######################
New match. Index: 28900
#######################
#######################
New match. Index: 28901
#######################
#######################
New match. Index: 28902
#######################
#######################
New match. Index: 28903
#######################
#######################
New match. Index: 28904
#######################
#######################
New match. Index: 28905
#######################
#######################
New match. Index: 28906
#######################
#######################
New match. Index: 28907
#######################
#######################
New match. Index: 28908
#######################
#######################
New match. Index: 28909
#######################
#######################
New match. Index: 28910
#######################
#######################
New match. Index: 28911
#######################
#######################
New match. Index: 28912
#######################
#######################
New match. Index: 28913
#######################
#######################
New match. Index: 28914
#######################
#######################
New match. Index: 28915
#######################
#######################
New match. Index: 28916
#######################
#######################
New match. Index: 28917
#######################
### WARNING ### Player: Steven N'Kemboanza Mike Christopher N'Zonzi --- Steven N ['187936'] https://sofifa.com/players?keyword=N'Zonzi&r=170043&set=true 0.3137254901960784
#######################
New match. Index: 28918
#######################
#######################
New match. Index: 28919
#######################
#######################
New match. Index: 28920
#######################
#######################
New match. Index: 28921
#######################
#######################
New match. Index: 28922
#######################
#######################
New match. Index: 28923
#######################
#######################
New match. Index: 28924
#######################
#######################
New match. Index: 28925
#######################
#######################
New match. Index: 28926
#######################
#######################
New match. Index: 28927
#######################
#######################
New match. Index: 28928
#######################
### WARNING ### Player: Steven N'Kemboanza Mike Christopher N'Zonzi --- Steven N ['187936'] https://sofifa.com/players?keyword=N'Zonzi&r=170044&set=true 0.3137254901960784
#######################
New match. Index: 28929
#######################
### WARNING ### Player: Steven N'Kemboanza Mike Christopher N'Zonzi --- Steven N ['187936'] https://sofifa.com/players?keyword=N'Zonzi&r=170045&set=true 0.3137254901960784
#######################
New match. Index: 28930
#######################
#######################
New match. Index: 28931
#######################
####################################################################
ERROR: More than 1 possible ID when looking in sofifa for: Rafael Muñoz Benavides
####################################################################
