#######################
New match. Index: 28871
#######################
#######################
New match. Index: 28872
#######################
### WARNING ### Player: Steven N'Kemboanza Mike Christopher N'Zonzi --- Steven N ['187936'] https://sofifa.com/players?keyword=N'Zonzi&r=170039&set=true 0.3137254901960784
#######################
New match. Index: 28873
#######################
#######################
New match. Index: 28874
#######################
#######################
New match. Index: 28875
#######################
#######################
New match. Index: 28876
#######################
#######################
New match. Index: 28877
#######################
#######################
New match. Index: 28878
#######################
#######################
New match. Index: 28879
#######################
#######################
New match. Index: 28880
#######################
#######################
New match. Index: 28881
#######################
#######################
New match. Index: 28882
#######################
### WARNING ### Player: Steven N'Kemboanza Mike Christopher N'Zonzi --- Steven N ['187936'] https://sofifa.com/players?keyword=N'Zonzi&r=170040&set=true 0.3137254901960784
#######################
New match. Index: 28883
#######################
#######################
New match. Index: 28884
#######################
#######################
New match. Index: 28885
#######################
#######################
New match. Index: 28886
#######################
#######################
New match. Index: 28887
#######################
#######################
New match. Index: 28888
#######################
#######################
New match. Index: 28889
#######################
#######################
New match. Index: 28890
#######################
#######################
New match. Index: 28891
#######################
#######################
New match. Index: 28892
#######################
#######################
New match. Index: 28893
#######################
#######################
New match. Index: 28894
#######################
#######################
New match. Index: 28895
#######################
### WARNING ### Player: Steven N'Kemboanza Mike Christopher N'Zonzi --- Steven N ['187936'] https://sofifa.com/players?keyword=N'Zonzi&r=170041&set=true 0.3137254901960784
#######################
New match. Index: 28896
#######################
#######################
New match. Index: 28897
#######################
#######################
New match. Index: 28898
#######################
####################################################################
ERROR: More than 1 possible ID when looking in sofifa for: José Carlos Lazo Romero
####################################################################
