#######################
New match. Index: 29132
#######################
#######################
New match. Index: 29133
#######################
#######################
New match. Index: 29134
#######################
#######################
New match. Index: 29135
#######################
#######################
New match. Index: 29136
#######################
#######################
New match. Index: 29137
#######################
### WARNING ### Player: Steven N'Kemboanza Mike Christopher N'Zonzi --- Steven N ['187936'] https://sofifa.com/players?keyword=N'Zonzi&r=180027&set=true 0.3137254901960784
#######################
New match. Index: 29138
#######################
#######################
New match. Index: 29139
#######################
#######################
New match. Index: 29140
#######################
#######################
New match. Index: 29141
#######################
### WARNING ### Player: Steven N'Kemboanza Mike Christopher N'Zonzi --- Steven N ['187936'] https://sofifa.com/players?keyword=N'Zonzi&r=180028&set=true 0.3137254901960784
#######################
New match. Index: 29142
#######################
#######################
New match. Index: 29143
#######################
#######################
New match. Index: 29144
#######################
#######################
New match. Index: 29145
#######################
#######################
New match. Index: 29146
#######################
#######################
New match. Index: 29147
#######################
#######################
New match. Index: 29148
#######################
#######################
New match. Index: 29149
#######################
#######################
New match. Index: 29150
#######################
#######################
New match. Index: 29151
#######################
#######################
New match. Index: 29152
#######################
#######################
New match. Index: 29153
#######################
#######################
New match. Index: 29154
#######################
#######################
New match. Index: 29155
#######################
#######################
New match. Index: 29156
#######################
#######################
New match. Index: 29157
#######################
#######################
New match. Index: 29158
#######################
#######################
New match. Index: 29159
#######################
### WARNING ### Player: Steven N'Kemboanza Mike Christopher N'Zonzi --- Steven N ['187936'] https://sofifa.com/players?keyword=N'Zonzi&r=180029&set=true 0.3137254901960784
#######################
New match. Index: 29160
#######################
#######################
New match. Index: 29161
#######################
#######################
New match. Index: 29162
#######################
#######################
New match. Index: 29163
#######################
#######################
New match. Index: 29164
#######################
### WARNING ### Player: Steven N'Kemboanza Mike Christopher N'Zonzi --- Steven N ['187936'] https://sofifa.com/players?keyword=N'Zonzi&r=180030&set=true 0.3137254901960784
#######################
New match. Index: 29165
#######################
#######################
New match. Index: 29166
#######################
#######################
New match. Index: 29167
#######################
### WARNING --- I am really player Giovanni Jesús Navarro Solé
### WARNING --- I am going to use mock id: [225473]
### WARNING ### Player: Giovanni Jesús Navarro Solé --- Giovanni Stefano Sbrissa  [225473] https://sofifa.com/players?keyword=Roberto Olabe del Arco&r=180030&set=true 0.5490196078431373
#######################
New match. Index: 29168
#######################
#######################
New match. Index: 29169
#######################
#######################
New match. Index: 29170
#######################
#######################
New match. Index: 29171
#######################
#######################
New match. Index: 29172
#######################
#######################
New match. Index: 29173
#######################
#######################
New match. Index: 29174
#######################
#######################
New match. Index: 29175
#######################
#######################
New match. Index: 29176
#######################
### WARNING ### Player: Steven N'Kemboanza Mike Christopher N'Zonzi --- Steven N ['187936'] https://sofifa.com/players?keyword=N'Zonzi&r=180031&set=true 0.3137254901960784
#######################
New match. Index: 29177
#######################
#######################
New match. Index: 29178
#######################
#######################
New match. Index: 29179
#######################
### WARNING ### Player: Mehdi Gregory Giuseppe Lacen --- Mehdi Lacen  ['169432'] https://sofifa.com/players?keyword=Lacen&r=180031&set=true 0.5641025641025641
#######################
New match. Index: 29180
#######################
#######################
New match. Index: 29181
#######################
#######################
New match. Index: 29182
#######################
#######################
New match. Index: 29183
#######################
#######################
New match. Index: 29184
#######################
#######################
New match. Index: 29185
#######################
#######################
New match. Index: 29186
#######################
#######################
New match. Index: 29187
#######################
### WARNING ### Player: Steven N'Kemboanza Mike Christopher N'Zonzi --- Steven N ['187936'] https://sofifa.com/players?keyword=N'Zonzi&r=180032&set=true 0.3137254901960784
#######################
New match. Index: 29188
#######################
### WARNING ### Player: Mehdi Gregory Giuseppe Lacen --- Mehdi Lacen  ['169432'] https://sofifa.com/players?keyword=Lacen&r=180032&set=true 0.5641025641025641
