#######################
New match. Index: 29212
#######################
#######################
New match. Index: 29213
#######################
#######################
New match. Index: 29214
#######################
#######################
New match. Index: 29215
#######################
#######################
New match. Index: 29216
#######################
#######################
New match. Index: 29217
#######################
#######################
New match. Index: 29218
#######################
### WARNING ### Player: Mehdi Gregory Giuseppe Lacen --- Mehdi Lacen  ['169432'] https://sofifa.com/players?keyword=Lacen&r=180035&set=true 0.5641025641025641
### WARNING ### Player: Steven N'Kemboanza Mike Christopher N'Zonzi --- Steven N ['187936'] https://sofifa.com/players?keyword=N'Zonzi&r=180035&set=true 0.3137254901960784
#######################
New match. Index: 29219
#######################
#######################
New match. Index: 29220
#######################
### WARNING ### Player: Mehdi Gregory Giuseppe Lacen --- Mehdi Lacen  ['169432'] https://sofifa.com/players?keyword=Lacen&r=180036&set=true 0.5641025641025641
#######################
New match. Index: 29221
#######################
#######################
New match. Index: 29222
#######################
#######################
New match. Index: 29223
#######################
#######################
New match. Index: 29224
#######################
#######################
New match. Index: 29225
#######################
#######################
New match. Index: 29226
#######################
### WARNING ### Player: Steven N'Kemboanza Mike Christopher N'Zonzi --- Steven N ['187936'] https://sofifa.com/players?keyword=N'Zonzi&r=180036&set=true 0.3137254901960784
#######################
New match. Index: 29227
#######################
#######################
New match. Index: 29228
#######################
#######################
New match. Index: 29229
#######################
#######################
New match. Index: 29230
#######################
#######################
New match. Index: 29231
#######################
### WARNING ### Player: Steven N'Kemboanza Mike Christopher N'Zonzi --- Steven N ['187936'] https://sofifa.com/players?keyword=N'Zonzi&r=180037&set=true 0.3137254901960784
#######################
New match. Index: 29232
#######################
### WARNING ### Player: Mehdi Gregory Giuseppe Lacen --- Mehdi Lacen  ['169432'] https://sofifa.com/players?keyword=Lacen&r=180037&set=true 0.5641025641025641
#######################
New match. Index: 29233
#######################
#######################
New match. Index: 29234
#######################
#######################
New match. Index: 29235
#######################
#######################
New match. Index: 29236
#######################
#######################
New match. Index: 29237
#######################
#######################
New match. Index: 29238
#######################
#######################
New match. Index: 29239
#######################
#######################
New match. Index: 29240
#######################
#######################
New match. Index: 29241
#######################
#######################
New match. Index: 29242
#######################
#######################
New match. Index: 29243
#######################
### WARNING ### Player: Steven N'Kemboanza Mike Christopher N'Zonzi --- Steven N ['187936'] https://sofifa.com/players?keyword=N'Zonzi&r=180038&set=true 0.3137254901960784
#######################
New match. Index: 29244
#######################
#######################
New match. Index: 29245
#######################
#######################
New match. Index: 29246
#######################
### WARNING ### Player: Mehdi Gregory Giuseppe Lacen --- Mehdi Lacen  ['169432'] https://sofifa.com/players?keyword=Lacen&r=180038&set=true 0.5641025641025641
####################################################################
ERROR: No ID found when looking in sofifa for: Francisco Barbosa Vieites
ERROR: No ID found when looking in sofifa for: Fran Vieites
####################################################################
