#######################
New match. Index: 29246
#######################
### WARNING ### Player: Mehdi Gregory Giuseppe Lacen --- Mehdi Lacen  ['169432'] https://sofifa.com/players?keyword=Lacen&r=180038&set=true 0.5641025641025641
#######################
New match. Index: 29247
#######################
#######################
New match. Index: 29248
#######################
#######################
New match. Index: 29249
#######################
#######################
New match. Index: 29250
#######################
#######################
New match. Index: 29251
#######################
#######################
New match. Index: 29252
#######################
#######################
New match. Index: 29253
#######################
#######################
New match. Index: 29254
#######################
#######################
New match. Index: 29255
#######################
#######################
New match. Index: 29256
#######################
#######################
New match. Index: 29257
#######################
### WARNING ### Player: Steven N'Kemboanza Mike Christopher N'Zonzi --- Steven N ['187936'] https://sofifa.com/players?keyword=N'Zonzi&r=180039&set=true 0.3137254901960784
#######################
New match. Index: 29258
#######################
### WARNING ### Player: Mehdi Gregory Giuseppe Lacen --- Mehdi Lacen  ['169432'] https://sofifa.com/players?keyword=Lacen&r=180041&set=true 0.5641025641025641
#######################
New match. Index: 29259
#######################
#######################
New match. Index: 29260
#######################
#######################
New match. Index: 29261
#######################
### WARNING ### Player: Mehdi Gregory Giuseppe Lacen --- Mehdi Lacen  ['169432'] https://sofifa.com/players?keyword=Lacen&r=180041&set=true 0.5641025641025641
#######################
New match. Index: 29262
#######################
### WARNING ### Player: Steven N'Kemboanza Mike Christopher N'Zonzi --- Steven N ['187936'] https://sofifa.com/players?keyword=N'Zonzi&r=180040&set=true 0.3137254901960784
#######################
New match. Index: 29263
#######################
#######################
New match. Index: 29264
#######################
#######################
New match. Index: 29265
#######################
#######################
New match. Index: 29266
#######################
#######################
New match. Index: 29267
#######################
#######################
New match. Index: 29268
#######################
#######################
New match. Index: 29269
#######################
#######################
New match. Index: 29270
#######################
#######################
New match. Index: 29271
#######################
#######################
New match. Index: 29272
#######################
####################################################################
ERROR: More than 1 possible ID when looking in sofifa for: Yacoub Aly Abeid
####################################################################
