#######################
New match. Index: 29272
#######################
#######################
New match. Index: 29273
#######################
#######################
New match. Index: 29274
#######################
#######################
New match. Index: 29275
#######################
#######################
New match. Index: 29276
#######################
#######################
New match. Index: 29277
#######################
#######################
New match. Index: 29278
#######################
### WARNING ### Player: Steven N'Kemboanza Mike Christopher N'Zonzi --- Steven N ['187936'] https://sofifa.com/players?keyword=N'Zonzi&r=180041&set=true 0.3137254901960784
#######################
New match. Index: 29279
#######################
### WARNING ### Player: Mehdi Gregory Giuseppe Lacen --- Mehdi Lacen  ['169432'] https://sofifa.com/players?keyword=Lacen&r=180041&set=true 0.5641025641025641
#######################
New match. Index: 29280
#######################
#######################
New match. Index: 29281
#######################
### WARNING ### Player: Mehdi Gregory Giuseppe Lacen --- Mehdi Lacen  ['169432'] https://sofifa.com/players?keyword=Lacen&r=180042&set=true 0.5641025641025641
#######################
New match. Index: 29282
#######################
#######################
New match. Index: 29283
#######################
#######################
New match. Index: 29284
#######################
#######################
New match. Index: 29285
#######################
#######################
New match. Index: 29286
#######################
#######################
New match. Index: 29287
#######################
#######################
New match. Index: 29288
#######################
#######################
New match. Index: 29289
#######################
#######################
New match. Index: 29290
#######################
####################################################################
ERROR: No ID found when looking in sofifa for: Víctor Pastrana Carrasco
ERROR: No ID found when looking in sofifa for: Pastrana
####################################################################
