#######################
New match. Index: 27783
#######################
#######################
New match. Index: 27784
#######################
#######################
New match. Index: 27785
#######################
#######################
New match. Index: 27786
#######################
#######################
New match. Index: 27787
#######################
#######################
New match. Index: 27788
#######################
#######################
New match. Index: 27789
#######################
#######################
New match. Index: 27790
#######################
### WARNING ### Player: Ikechukwu Tongololiki Mawakavamba Jawarapawara Uche --- Ikechukwu Uche  ['146011'] https://sofifa.com/players?keyword=Uche&r=150010&set=true 0.4307692307692308
#######################
New match. Index: 27791
#######################
### WARNING ### Player: Mike Havenaar --- hahunamaiku  ['207739'] https://sofifa.com/players?keyword=Mike Havenaar&r=150010&set=true 0.16666666666666666
#######################
New match. Index: 27792
#######################
#######################
New match. Index: 27793
#######################
### WARNING ### Player: Mehdi Gregory Giuseppe Lacen --- Mehdi Lacen  ['169432'] https://sofifa.com/players?keyword=Lacen&r=150011&set=true 0.5641025641025641
#######################
New match. Index: 27794
#######################
#######################
New match. Index: 27795
#######################
### WARNING ### Player: Mike Havenaar --- hahunamaiku  ['207739'] https://sofifa.com/players?keyword=Mike Havenaar&r=150011&set=true 0.16666666666666666
#######################
New match. Index: 27796
#######################
#######################
New match. Index: 27797
#######################
#######################
New match. Index: 27798
#######################
#######################
New match. Index: 27799
#######################
#######################
New match. Index: 27800
#######################
#######################
New match. Index: 27801
#######################
#######################
New match. Index: 27802
#######################
### WARNING ### Player: Roberto Fernández Alvarellos --- Nunzio Di Roberto  ['190074'] https://sofifa.com/players?keyword=Roberto&r=150011&set=true 0.3111111111111111
#######################
New match. Index: 27803
#######################
### WARNING ### Player: Mike Havenaar --- hahunamaiku  ['207739'] https://sofifa.com/players?keyword=Mike Havenaar&r=150012&set=true 0.16666666666666666
### WARNING ### Player: Gaspar Panadero Zamora --- Bruno Miguel Boialvo Gaspar  ['225402'] https://sofifa.com/players?keyword=Gaspar&r=150012&set=true 0.24489795918367346
#######################
New match. Index: 27804
#######################
#######################
New match. Index: 27805
#######################
#######################
New match. Index: 27806
#######################
#######################
New match. Index: 27807
#######################
#######################
New match. Index: 27808
#######################
#######################
New match. Index: 27809
#######################
#######################
New match. Index: 27810
#######################
### WARNING ### Player: Mehdi Gregory Giuseppe Lacen --- Mehdi Lacen  ['169432'] https://sofifa.com/players?keyword=Lacen&r=150012&set=true 0.5641025641025641
#######################
New match. Index: 27811
#######################
### WARNING ### Player: Roberto Fernández Alvarellos --- Nunzio Di Roberto  ['190074'] https://sofifa.com/players?keyword=Roberto&r=150012&set=true 0.3111111111111111
#######################
New match. Index: 27812
#######################
#######################
New match. Index: 27813
#######################
#######################
New match. Index: 27814
#######################
#######################
New match. Index: 27815
#######################
### WARNING ### Player: Roberto Fernández Alvarellos --- Nunzio Di Roberto  ['190074'] https://sofifa.com/players?keyword=Roberto&r=150013&set=true 0.3111111111111111
#######################
New match. Index: 27816
#######################
#######################
New match. Index: 27817
#######################
#######################
New match. Index: 27818
#######################
#######################
New match. Index: 27819
#######################
### WARNING ### Player: Ikechukwu Tongololiki Mawakavamba Jawarapawara Uche --- Ikechukwu Uche  ['146011'] https://sofifa.com/players?keyword=Uche&r=150013&set=true 0.4307692307692308
### WARNING ### Player: Mohammed Fatau --- Nasiru Mohammed  ['211373'] https://sofifa.com/players?keyword=Mohammed&r=150013&set=true 0.5517241379310345
#######################
New match. Index: 27820
#######################
### WARNING ### Player: Mike Havenaar --- hahunamaiku  ['207739'] https://sofifa.com/players?keyword=Mike Havenaar&r=150013&set=true 0.16666666666666666
#######################
New match. Index: 27821
#######################
#######################
New match. Index: 27822
#######################
#######################
New match. Index: 27823
#######################
#######################
New match. Index: 27824
#######################
#######################
New match. Index: 27825
#######################
#######################
New match. Index: 27826
#######################
### WARNING ### Player: Ikechukwu Tongololiki Mawakavamba Jawarapawara Uche --- Ikechukwu Uche  ['146011'] https://sofifa.com/players?keyword=Uche&r=150014&set=true 0.4307692307692308
#######################
New match. Index: 27827
#######################
#######################
New match. Index: 27828
#######################
#######################
New match. Index: 27829
#######################
### WARNING ### Player: Roberto Fernández Alvarellos --- Nunzio Di Roberto  ['190074'] https://sofifa.com/players?keyword=Roberto&r=150014&set=true 0.3111111111111111
#######################
New match. Index: 27830
#######################
#######################
New match. Index: 27831
#######################
#######################
New match. Index: 27832
#######################
### WARNING ### Player: Mike Havenaar --- hahunamaiku  ['207739'] https://sofifa.com/players?keyword=Mike Havenaar&r=150014&set=true 0.16666666666666666
#######################
New match. Index: 27833
#######################
#######################
New match. Index: 27834
#######################
### WARNING ### Player: Ikechukwu Tongololiki Mawakavamba Jawarapawara Uche --- Ikechukwu Uche  ['146011'] https://sofifa.com/players?keyword=Uche&r=150015&set=true 0.4307692307692308
#######################
New match. Index: 27835
#######################
### WARNING ### Player: Roberto Fernández Alvarellos --- Nunzio Di Roberto  ['190074'] https://sofifa.com/players?keyword=Roberto&r=150015&set=true 0.3111111111111111
#######################
New match. Index: 27836
#######################
#######################
New match. Index: 27837
#######################
#######################
New match. Index: 27838
#######################
#######################
New match. Index: 27839
#######################
### WARNING ### Player: Mehdi Gregory Giuseppe Lacen --- Mehdi Lacen  ['169432'] https://sofifa.com/players?keyword=Lacen&r=150015&set=true 0.5641025641025641
#######################
New match. Index: 27840
#######################
#######################
New match. Index: 27841
#######################
#######################
New match. Index: 27842
#######################
#######################
New match. Index: 27843
#######################
### WARNING ### Player: Mehdi Gregory Giuseppe Lacen --- Mehdi Lacen  ['169432'] https://sofifa.com/players?keyword=Lacen&r=150016&set=true 0.5641025641025641
#######################
New match. Index: 27844
#######################
#######################
New match. Index: 27845
#######################
### WARNING ### Player: Mohammed Fatau --- Nasiru Mohammed  ['211373'] https://sofifa.com/players?keyword=Mohammed&r=150016&set=true 0.5517241379310345
#######################
New match. Index: 27846
#######################
#######################
New match. Index: 27847
#######################
#######################
New match. Index: 27848
#######################
### WARNING ### Player: Roberto Fernández Alvarellos --- Nunzio Di Roberto  ['190074'] https://sofifa.com/players?keyword=Roberto&r=150016&set=true 0.3111111111111111
#######################
New match. Index: 27849
#######################
#######################
New match. Index: 27850
#######################
### WARNING ### Player: Ikechukwu Tongololiki Mawakavamba Jawarapawara Uche --- Ikechukwu Uche  ['146011'] https://sofifa.com/players?keyword=Uche&r=150016&set=true 0.4307692307692308
#######################
New match. Index: 27851
#######################
#######################
New match. Index: 27852
#######################
#######################
New match. Index: 27853
#######################
### WARNING ### Player: Roberto Fernández Alvarellos --- Nunzio Di Roberto  ['190074'] https://sofifa.com/players?keyword=Roberto&r=150017&set=true 0.3111111111111111
#######################
New match. Index: 27854
#######################
#######################
New match. Index: 27855
#######################
#######################
New match. Index: 27856
#######################
#######################
New match. Index: 27857
#######################
#######################
New match. Index: 27858
#######################
#######################
New match. Index: 27859
#######################
#######################
New match. Index: 27860
#######################
#######################
New match. Index: 27861
#######################
### WARNING ### Player: Ikechukwu Tongololiki Mawakavamba Jawarapawara Uche --- Ikechukwu Uche  ['146011'] https://sofifa.com/players?keyword=Uche&r=150017&set=true 0.4307692307692308
#######################
New match. Index: 27862
#######################
### WARNING ### Player: Mehdi Gregory Giuseppe Lacen --- Mehdi Lacen  ['169432'] https://sofifa.com/players?keyword=Lacen&r=150017&set=true 0.5641025641025641
#######################
New match. Index: 27863
#######################
#######################
New match. Index: 27864
#######################
#######################
New match. Index: 27865
#######################
#######################
New match. Index: 27866
#######################
#######################
New match. Index: 27867
#######################
### WARNING ### Player: José Carlos Fernández Vázquez --- Samuel San Jose Fernandez  ['171088'] https://sofifa.com/players?keyword=José Fernández&r=150018&set=true 0.5185185185185185
#######################
New match. Index: 27868
#######################
### WARNING ### Player: Roberto Fernández Alvarellos --- Nunzio Di Roberto  ['190074'] https://sofifa.com/players?keyword=Roberto&r=150018&set=true 0.3111111111111111
#######################
New match. Index: 27869
#######################
#######################
New match. Index: 27870
#######################
#######################
New match. Index: 27871
#######################
### WARNING ### Player: Ikechukwu Tongololiki Mawakavamba Jawarapawara Uche --- Ikechukwu Uche  ['146011'] https://sofifa.com/players?keyword=Uche&r=150018&set=true 0.4307692307692308
#######################
New match. Index: 27872
#######################
### WARNING ### Player: Mehdi Gregory Giuseppe Lacen --- Mehdi Lacen  ['169432'] https://sofifa.com/players?keyword=Lacen&r=150018&set=true 0.5641025641025641
#######################
New match. Index: 27873
#######################
### WARNING ### Player: Mehdi Gregory Giuseppe Lacen --- Mehdi Lacen  ['169432'] https://sofifa.com/players?keyword=Lacen&r=150019&set=true 0.5641025641025641
### WARNING ### Player: Miguel Alfonso Herrero Javaloyas --- Luis Ernesto Michel Vergara  ['139213'] https://sofifa.com/players?keyword=Michel&r=150019&set=true 0.3050847457627119
#######################
New match. Index: 27874
#######################
### WARNING ### Player: Roberto Fernández Alvarellos --- Nunzio Di Roberto  ['190074'] https://sofifa.com/players?keyword=Roberto&r=150019&set=true 0.3111111111111111
#######################
New match. Index: 27875
#######################
#######################
New match. Index: 27876
#######################
#######################
New match. Index: 27877
#######################
#######################
New match. Index: 27878
#######################
#######################
New match. Index: 27879
#######################
### WARNING ### Player: Ikechukwu Tongololiki Mawakavamba Jawarapawara Uche --- Ikechukwu Uche  ['146011'] https://sofifa.com/players?keyword=Uche&r=150019&set=true 0.4307692307692308
#######################
New match. Index: 27880
#######################
#######################
New match. Index: 27881
#######################
#######################
New match. Index: 27882
#######################
#######################
New match. Index: 27883
#######################
####################################################################
ERROR: More than 1 possible ID when looking in sofifa for: Modibo Diakité
####################################################################
