#######################
New match. Index: 28200
#######################
### WARNING ### Player: Steven N'Kemboanza Mike Christopher N'Zonzi --- Steven N ['187936'] https://sofifa.com/players?keyword=N'Zonzi&r=160010&set=true 0.3137254901960784
#######################
New match. Index: 28201
#######################
#######################
New match. Index: 28202
#######################
### WARNING ### Player: Mehdi Gregory Giuseppe Lacen --- Mehdi Lacen  ['169432'] https://sofifa.com/players?keyword=Lacen&r=160010&set=true 0.5641025641025641
#######################
New match. Index: 28203
#######################
#######################
New match. Index: 28204
#######################
#######################
New match. Index: 28205
#######################
#######################
New match. Index: 28206
#######################
#######################
New match. Index: 28207
#######################
#######################
New match. Index: 28208
#######################
#######################
New match. Index: 28209
#######################
#######################
New match. Index: 28210
#######################
#######################
New match. Index: 28211
#######################
#######################
New match. Index: 28212
#######################
#######################
New match. Index: 28213
#######################
#######################
New match. Index: 28214
#######################
#######################
New match. Index: 28215
#######################
#######################
New match. Index: 28216
#######################
#######################
New match. Index: 28217
#######################
#######################
New match. Index: 28218
#######################
#######################
New match. Index: 28219
#######################
### WARNING ### Player: Mehdi Gregory Giuseppe Lacen --- Mehdi Lacen  ['169432'] https://sofifa.com/players?keyword=Lacen&r=160011&set=true 0.5641025641025641
#######################
New match. Index: 28220
#######################
### WARNING ### Player: Steven N'Kemboanza Mike Christopher N'Zonzi --- Steven N ['187936'] https://sofifa.com/players?keyword=N'Zonzi&r=160012&set=true 0.3137254901960784
#######################
New match. Index: 28221
#######################
#######################
New match. Index: 28222
#######################
#######################
New match. Index: 28223
#######################
#######################
New match. Index: 28224
#######################
#######################
New match. Index: 28225
#######################
#######################
New match. Index: 28226
#######################
### WARNING ### Player: Mehdi Gregory Giuseppe Lacen --- Mehdi Lacen  ['169432'] https://sofifa.com/players?keyword=Lacen&r=160012&set=true 0.5641025641025641
#######################
New match. Index: 28227
#######################
#######################
New match. Index: 28228
#######################
#######################
New match. Index: 28229
#######################
#######################
New match. Index: 28230
#######################
### WARNING ### Player: Mehdi Gregory Giuseppe Lacen --- Mehdi Lacen  ['169432'] https://sofifa.com/players?keyword=Lacen&r=160013&set=true 0.5641025641025641
#######################
New match. Index: 28231
#######################
#######################
New match. Index: 28232
#######################
#######################
New match. Index: 28233
#######################
#######################
New match. Index: 28234
#######################
#######################
New match. Index: 28235
#######################
### WARNING ### Player: Steven N'Kemboanza Mike Christopher N'Zonzi --- Steven N ['187936'] https://sofifa.com/players?keyword=N'Zonzi&r=160013&set=true 0.3137254901960784
#######################
New match. Index: 28236
#######################
#######################
New match. Index: 28237
#######################
#######################
New match. Index: 28238
#######################
#######################
New match. Index: 28239
#######################
#######################
New match. Index: 28240
#######################
#######################
New match. Index: 28241
#######################
#######################
New match. Index: 28242
#######################
#######################
New match. Index: 28243
#######################
#######################
New match. Index: 28244
#######################
#######################
New match. Index: 28245
#######################
#######################
New match. Index: 28246
#######################
#######################
New match. Index: 28247
#######################
#######################
New match. Index: 28248
#######################
### WARNING ### Player: Steven N'Kemboanza Mike Christopher N'Zonzi --- Steven N ['187936'] https://sofifa.com/players?keyword=N'Zonzi&r=160014&set=true 0.3137254901960784
#######################
New match. Index: 28249
#######################
#######################
New match. Index: 28250
#######################
#######################
New match. Index: 28251
#######################
#######################
New match. Index: 28252
#######################
#######################
New match. Index: 28253
#######################
#######################
New match. Index: 28254
#######################
### WARNING ### Player: Steven N'Kemboanza Mike Christopher N'Zonzi --- Steven N ['187936'] https://sofifa.com/players?keyword=N'Zonzi&r=160015&set=true 0.3137254901960784
#######################
New match. Index: 28255
#######################
#######################
New match. Index: 28256
#######################
#######################
New match. Index: 28257
#######################
#######################
New match. Index: 28258
#######################
#######################
New match. Index: 28259
#######################
#######################
New match. Index: 28260
#######################
#######################
New match. Index: 28261
#######################
### WARNING ### Player: Steven N'Kemboanza Mike Christopher N'Zonzi --- Steven N ['187936'] https://sofifa.com/players?keyword=N'Zonzi&r=160016&set=true 0.3137254901960784
#######################
New match. Index: 28262
#######################
#######################
New match. Index: 28263
#######################
#######################
New match. Index: 28264
#######################
#######################
New match. Index: 28265
#######################
#######################
New match. Index: 28266
#######################
#######################
New match. Index: 28267
#######################
#######################
New match. Index: 28268
#######################
#######################
New match. Index: 28269
#######################
#######################
New match. Index: 28270
#######################
#######################
New match. Index: 28271
#######################
### WARNING ### Player: Steven N'Kemboanza Mike Christopher N'Zonzi --- Steven N ['187936'] https://sofifa.com/players?keyword=N'Zonzi&r=160017&set=true 0.3137254901960784
#######################
New match. Index: 28272
#######################
#######################
New match. Index: 28273
#######################
#######################
New match. Index: 28274
#######################
#######################
New match. Index: 28275
#######################
#######################
New match. Index: 28276
#######################
#######################
New match. Index: 28277
#######################
### WARNING ### Player: Mehdi Gregory Giuseppe Lacen --- Mehdi Lacen  ['169432'] https://sofifa.com/players?keyword=Lacen&r=160017&set=true 0.5641025641025641
#######################
New match. Index: 28278
#######################
#######################
New match. Index: 28279
#######################
#######################
New match. Index: 28280
#######################
#######################
New match. Index: 28281
#######################
#######################
New match. Index: 28282
#######################
#######################
New match. Index: 28283
#######################
### WARNING ### Player: Mehdi Gregory Giuseppe Lacen --- Mehdi Lacen  ['169432'] https://sofifa.com/players?keyword=Lacen&r=160018&set=true 0.5641025641025641
### WARNING ### Player: Steven N'Kemboanza Mike Christopher N'Zonzi --- Steven N ['187936'] https://sofifa.com/players?keyword=N'Zonzi&r=160018&set=true 0.3137254901960784
#######################
New match. Index: 28284
#######################
#######################
New match. Index: 28285
#######################
#######################
New match. Index: 28286
#######################
#######################
New match. Index: 28287
#######################
#######################
New match. Index: 28288
#######################
#######################
New match. Index: 28289
#######################
#######################
New match. Index: 28290
#######################
#######################
New match. Index: 28291
#######################
#######################
New match. Index: 28292
#######################
#######################
New match. Index: 28293
#######################
### WARNING ### Player: Steven N'Kemboanza Mike Christopher N'Zonzi --- Steven N ['187936'] https://sofifa.com/players?keyword=N'Zonzi&r=160019&set=true 0.3137254901960784
#######################
New match. Index: 28294
#######################
### WARNING ### Player: Mehdi Gregory Giuseppe Lacen --- Mehdi Lacen  ['169432'] https://sofifa.com/players?keyword=Lacen&r=160019&set=true 0.5641025641025641
#######################
New match. Index: 28295
#######################
#######################
New match. Index: 28296
#######################
#######################
New match. Index: 28297
#######################
#######################
New match. Index: 28298
#######################
#######################
New match. Index: 28299
#######################
#######################
New match. Index: 28300
#######################
#######################
New match. Index: 28301
#######################
#######################
New match. Index: 28302
#######################
#######################
New match. Index: 28303
#######################
### WARNING ### Player: Mehdi Gregory Giuseppe Lacen --- Mehdi Lacen  ['169432'] https://sofifa.com/players?keyword=Lacen&r=160020&set=true 0.5641025641025641
#######################
New match. Index: 28304
#######################
#######################
New match. Index: 28305
#######################
#######################
New match. Index: 28306
#######################
#######################
New match. Index: 28307
#######################
#######################
New match. Index: 28308
#######################
#######################
New match. Index: 28309
#######################
### WARNING ### Player: Steven N'Kemboanza Mike Christopher N'Zonzi --- Steven N ['187936'] https://sofifa.com/players?keyword=N'Zonzi&r=160020&set=true 0.3137254901960784
#######################
New match. Index: 28310
#######################
### WARNING ### Player: Steven N'Kemboanza Mike Christopher N'Zonzi --- Steven N ['187936'] https://sofifa.com/players?keyword=N'Zonzi&r=160021&set=true 0.3137254901960784
#######################
New match. Index: 28311
#######################
#######################
New match. Index: 28312
#######################
#######################
New match. Index: 28313
#######################
#######################
New match. Index: 28314
#######################
#######################
New match. Index: 28315
#######################
#######################
New match. Index: 28316
#######################
#######################
New match. Index: 28317
#######################
#######################
New match. Index: 28318
#######################
#######################
New match. Index: 28319
#######################
### WARNING ### Player: Mehdi Gregory Giuseppe Lacen --- Mehdi Lacen  ['169432'] https://sofifa.com/players?keyword=Lacen&r=160021&set=true 0.5641025641025641
#######################
New match. Index: 28320
#######################
#######################
New match. Index: 28321
#######################
#######################
New match. Index: 28322
#######################
#######################
New match. Index: 28323
#######################
#######################
New match. Index: 28324
#######################
#######################
New match. Index: 28325
#######################
#######################
New match. Index: 28326
#######################
### WARNING ### Player: Mehdi Gregory Giuseppe Lacen --- Mehdi Lacen  ['169432'] https://sofifa.com/players?keyword=Lacen&r=160022&set=true 0.5641025641025641
#######################
New match. Index: 28327
#######################
#######################
New match. Index: 28328
#######################
#######################
New match. Index: 28329
#######################
### WARNING ### Player: Steven N'Kemboanza Mike Christopher N'Zonzi --- Steven N ['187936'] https://sofifa.com/players?keyword=N'Zonzi&r=160022&set=true 0.3137254901960784
#######################
New match. Index: 28330
#######################
### WARNING ### Player: Mehdi Gregory Giuseppe Lacen --- Mehdi Lacen  ['169432'] https://sofifa.com/players?keyword=Lacen&r=160023&set=true 0.5641025641025641
#######################
New match. Index: 28331
#######################
#######################
New match. Index: 28332
#######################
#######################
New match. Index: 28333
#######################
### WARNING ### Player: Steven N'Kemboanza Mike Christopher N'Zonzi --- Steven N ['187936'] https://sofifa.com/players?keyword=N'Zonzi&r=160023&set=true 0.3137254901960784
#######################
New match. Index: 28334
#######################
#######################
New match. Index: 28335
#######################
#######################
New match. Index: 28336
#######################
#######################
New match. Index: 28337
#######################
#######################
New match. Index: 28338
#######################
#######################
New match. Index: 28339
#######################
#######################
New match. Index: 28340
#######################
### WARNING ### Player: Mehdi Gregory Giuseppe Lacen --- Mehdi Lacen  ['169432'] https://sofifa.com/players?keyword=Lacen&r=160024&set=true 0.5641025641025641
#######################
New match. Index: 28341
#######################
#######################
New match. Index: 28342
#######################
#######################
New match. Index: 28343
#######################
#######################
New match. Index: 28344
#######################
#######################
New match. Index: 28345
#######################
#######################
New match. Index: 28346
#######################
#######################
New match. Index: 28347
#######################
#######################
New match. Index: 28348
#######################
#######################
New match. Index: 28349
#######################
#######################
New match. Index: 28350
#######################
### WARNING ### Player: Mehdi Gregory Giuseppe Lacen --- Mehdi Lacen  ['169432'] https://sofifa.com/players?keyword=Lacen&r=160025&set=true 0.5641025641025641
#######################
New match. Index: 28351
#######################
#######################
New match. Index: 28352
#######################
### WARNING ### Player: Steven N'Kemboanza Mike Christopher N'Zonzi --- Steven N ['187936'] https://sofifa.com/players?keyword=N'Zonzi&r=160025&set=true 0.3137254901960784
#######################
New match. Index: 28353
#######################
#######################
New match. Index: 28354
#######################
#######################
New match. Index: 28355
#######################
#######################
New match. Index: 28356
#######################
#######################
New match. Index: 28357
#######################
#######################
New match. Index: 28358
#######################
#######################
New match. Index: 28359
#######################
#######################
New match. Index: 28360
#######################
#######################
New match. Index: 28361
#######################
#######################
New match. Index: 28362
#######################
### WARNING ### Player: Steven N'Kemboanza Mike Christopher N'Zonzi --- Steven N ['187936'] https://sofifa.com/players?keyword=N'Zonzi&r=160026&set=true 0.3137254901960784
#######################
New match. Index: 28363
#######################
#######################
New match. Index: 28364
#######################
#######################
New match. Index: 28365
#######################
#######################
New match. Index: 28366
#######################
### WARNING ### Player: Mehdi Gregory Giuseppe Lacen --- Mehdi Lacen  ['169432'] https://sofifa.com/players?keyword=Lacen&r=160026&set=true 0.5641025641025641
#######################
New match. Index: 28367
#######################
#######################
New match. Index: 28368
#######################
#######################
New match. Index: 28369
#######################
#######################
New match. Index: 28370
#######################
#######################
New match. Index: 28371
#######################
#######################
New match. Index: 28372
#######################
#######################
New match. Index: 28373
#######################
#######################
New match. Index: 28374
#######################
#######################
New match. Index: 28375
#######################
#######################
New match. Index: 28376
#######################
#######################
New match. Index: 28377
#######################
#######################
New match. Index: 28378
#######################
### WARNING ### Player: Mehdi Gregory Giuseppe Lacen --- Mehdi Lacen  ['169432'] https://sofifa.com/players?keyword=Lacen&r=160027&set=true 0.5641025641025641
#######################
New match. Index: 28379
#######################
#######################
New match. Index: 28380
#######################
### WARNING ### Player: Mehdi Gregory Giuseppe Lacen --- Mehdi Lacen  ['169432'] https://sofifa.com/players?keyword=Lacen&r=160028&set=true 0.5641025641025641
#######################
New match. Index: 28381
#######################
### WARNING ### Player: Steven N'Kemboanza Mike Christopher N'Zonzi --- Steven N ['187936'] https://sofifa.com/players?keyword=N'Zonzi&r=160028&set=true 0.3137254901960784
#######################
New match. Index: 28382
#######################
#######################
New match. Index: 28383
#######################
#######################
New match. Index: 28384
#######################
#######################
New match. Index: 28385
#######################
#######################
New match. Index: 28386
#######################
#######################
New match. Index: 28387
#######################
#######################
New match. Index: 28388
#######################
#######################
New match. Index: 28389
#######################
### WARNING ### Player: Steven N'Kemboanza Mike Christopher N'Zonzi --- Steven N ['187936'] https://sofifa.com/players?keyword=N'Zonzi&r=160029&set=true 0.3137254901960784
#######################
New match. Index: 28390
#######################
#######################
New match. Index: 28391
#######################
#######################
New match. Index: 28392
#######################
#######################
New match. Index: 28393
#######################
#######################
New match. Index: 28394
#######################
#######################
New match. Index: 28395
#######################
### WARNING ### Player: Mehdi Gregory Giuseppe Lacen --- Mehdi Lacen  ['169432'] https://sofifa.com/players?keyword=Lacen&r=160029&set=true 0.5641025641025641
#######################
New match. Index: 28396
#######################
#######################
New match. Index: 28397
#######################
#######################
New match. Index: 28398
#######################
#######################
New match. Index: 28399
#######################
#######################
New match. Index: 28400
#######################
#######################
New match. Index: 28401
#######################
#######################
New match. Index: 28402
#######################
### WARNING ### Player: Mehdi Gregory Giuseppe Lacen --- Mehdi Lacen  ['169432'] https://sofifa.com/players?keyword=Lacen&r=160030&set=true 0.5641025641025641
#######################
New match. Index: 28403
#######################
#######################
New match. Index: 28404
#######################
#######################
New match. Index: 28405
#######################
### WARNING ### Player: Steven N'Kemboanza Mike Christopher N'Zonzi --- Steven N ['187936'] https://sofifa.com/players?keyword=N'Zonzi&r=160030&set=true 0.3137254901960784
#######################
New match. Index: 28406
#######################
#######################
New match. Index: 28407
#######################
#######################
New match. Index: 28408
#######################
#######################
New match. Index: 28409
#######################
#######################
New match. Index: 28410
#######################
#######################
New match. Index: 28411
#######################
### WARNING ### Player: Mehdi Gregory Giuseppe Lacen --- Mehdi Lacen  ['169432'] https://sofifa.com/players?keyword=Lacen&r=160031&set=true 0.5641025641025641
#######################
New match. Index: 28412
#######################
#######################
New match. Index: 28413
#######################
#######################
New match. Index: 28414
#######################
### WARNING ### Player: Steven N'Kemboanza Mike Christopher N'Zonzi --- Steven N ['187936'] https://sofifa.com/players?keyword=N'Zonzi&r=160031&set=true 0.3137254901960784
#######################
New match. Index: 28415
#######################
#######################
New match. Index: 28416
#######################
#######################
New match. Index: 28417
#######################
#######################
New match. Index: 28418
#######################
#######################
New match. Index: 28419
#######################
### WARNING ### Player: Mehdi Gregory Giuseppe Lacen --- Mehdi Lacen  ['169432'] https://sofifa.com/players?keyword=Lacen&r=160032&set=true 0.5641025641025641
#######################
New match. Index: 28420
#######################
#######################
New match. Index: 28421
#######################
#######################
New match. Index: 28422
#######################
#######################
New match. Index: 28423
#######################
#######################
New match. Index: 28424
#######################
#######################
New match. Index: 28425
#######################
#######################
New match. Index: 28426
#######################
### WARNING ### Player: Steven N'Kemboanza Mike Christopher N'Zonzi --- Steven N ['187936'] https://sofifa.com/players?keyword=N'Zonzi&r=160032&set=true 0.3137254901960784
#######################
New match. Index: 28427
#######################
#######################
New match. Index: 28428
#######################
#######################
New match. Index: 28429
#######################
#######################
New match. Index: 28430
#######################
#######################
New match. Index: 28431
#######################
### WARNING ### Player: Ikechukwu Tongololiki Mawakavamba Jawarapawara Uche --- Ikechukwu Uche  ['146011'] https://sofifa.com/players?keyword=Uche&r=160033&set=true 0.4307692307692308
#######################
New match. Index: 28432
#######################
#######################
New match. Index: 28433
#######################
#######################
New match. Index: 28434
#######################
#######################
New match. Index: 28435
#######################
### WARNING ### Player: Steven N'Kemboanza Mike Christopher N'Zonzi --- Steven N ['187936'] https://sofifa.com/players?keyword=N'Zonzi&r=160033&set=true 0.3137254901960784
#######################
New match. Index: 28436
#######################
#######################
New match. Index: 28437
#######################
#######################
New match. Index: 28438
#######################
#######################
New match. Index: 28439
#######################
### WARNING ### Player: Mehdi Gregory Giuseppe Lacen --- Mehdi Lacen  ['169432'] https://sofifa.com/players?keyword=Lacen&r=160034&set=true 0.5641025641025641
#######################
New match. Index: 28440
#######################
#######################
New match. Index: 28441
#######################
#######################
New match. Index: 28442
#######################
#######################
New match. Index: 28443
#######################
#######################
New match. Index: 28444
#######################
### WARNING ### Player: Steven N'Kemboanza Mike Christopher N'Zonzi --- Steven N ['187936'] https://sofifa.com/players?keyword=N'Zonzi&r=160034&set=true 0.3137254901960784
#######################
New match. Index: 28445
#######################
### WARNING ### Player: Ikechukwu Tongololiki Mawakavamba Jawarapawara Uche --- Ikechukwu Uche  ['146011'] https://sofifa.com/players?keyword=Uche&r=160034&set=true 0.4307692307692308
#######################
New match. Index: 28446
#######################
#######################
New match. Index: 28447
#######################
#######################
New match. Index: 28448
#######################
#######################
New match. Index: 28449
#######################
#######################
New match. Index: 28450
#######################
#######################
New match. Index: 28451
#######################
#######################
New match. Index: 28452
#######################
### WARNING ### Player: Mehdi Gregory Giuseppe Lacen --- Mehdi Lacen  ['169432'] https://sofifa.com/players?keyword=Lacen&r=160035&set=true 0.5641025641025641
#######################
New match. Index: 28453
#######################
#######################
New match. Index: 28454
#######################
### WARNING ### Player: Ikechukwu Tongololiki Mawakavamba Jawarapawara Uche --- Ikechukwu Uche  ['146011'] https://sofifa.com/players?keyword=Uche&r=160035&set=true 0.4307692307692308
#######################
New match. Index: 28455
#######################
#######################
New match. Index: 28456
#######################
#######################
New match. Index: 28457
#######################
#######################
New match. Index: 28458
#######################
### WARNING ### Player: Steven N'Kemboanza Mike Christopher N'Zonzi --- Steven N ['187936'] https://sofifa.com/players?keyword=N'Zonzi&r=160035&set=true 0.3137254901960784
#######################
New match. Index: 28459
#######################
#######################
New match. Index: 28460
#######################
#######################
New match. Index: 28461
#######################
### WARNING ### Player: Mehdi Gregory Giuseppe Lacen --- Mehdi Lacen  ['169432'] https://sofifa.com/players?keyword=Lacen&r=160036&set=true 0.5641025641025641
#######################
New match. Index: 28462
#######################
#######################
New match. Index: 28463
#######################
### WARNING ### Player: Steven N'Kemboanza Mike Christopher N'Zonzi --- Steven N ['187936'] https://sofifa.com/players?keyword=N'Zonzi&r=160036&set=true 0.3137254901960784
#######################
New match. Index: 28464
#######################
#######################
New match. Index: 28465
#######################
#######################
New match. Index: 28466
#######################
#######################
New match. Index: 28467
#######################
#######################
New match. Index: 28468
#######################
#######################
New match. Index: 28469
#######################
#######################
New match. Index: 28470
#######################
#######################
New match. Index: 28471
#######################
#######################
New match. Index: 28472
#######################
### WARNING ### Player: Mehdi Gregory Giuseppe Lacen --- Mehdi Lacen  ['169432'] https://sofifa.com/players?keyword=Lacen&r=160037&set=true 0.5641025641025641
### WARNING ### Player: Steven N'Kemboanza Mike Christopher N'Zonzi --- Steven N ['187936'] https://sofifa.com/players?keyword=N'Zonzi&r=160037&set=true 0.3137254901960784
#######################
New match. Index: 28473
#######################
### WARNING ### Player: Ikechukwu Tongololiki Mawakavamba Jawarapawara Uche --- Ikechukwu Uche  ['146011'] https://sofifa.com/players?keyword=Uche&r=160037&set=true 0.4307692307692308
#######################
New match. Index: 28474
#######################
#######################
New match. Index: 28475
#######################
#######################
New match. Index: 28476
#######################
#######################
New match. Index: 28477
#######################
#######################
New match. Index: 28478
#######################
#######################
New match. Index: 28479
#######################
#######################
New match. Index: 28480
#######################
### WARNING ### Player: Ikechukwu Tongololiki Mawakavamba Jawarapawara Uche --- Ikechukwu Uche  ['146011'] https://sofifa.com/players?keyword=Uche&r=160038&set=true 0.4307692307692308
#######################
New match. Index: 28481
#######################
#######################
New match. Index: 28482
#######################
#######################
New match. Index: 28483
#######################
#######################
New match. Index: 28484
#######################
#######################
New match. Index: 28485
#######################
#######################
New match. Index: 28486
#######################
### WARNING ### Player: Steven N'Kemboanza Mike Christopher N'Zonzi --- Steven N ['187936'] https://sofifa.com/players?keyword=N'Zonzi&r=160038&set=true 0.3137254901960784
#######################
New match. Index: 28487
#######################
#######################
New match. Index: 28488
#######################
#######################
New match. Index: 28489
#######################
#######################
New match. Index: 28490
#######################
### WARNING ### Player: Mehdi Gregory Giuseppe Lacen --- Mehdi Lacen  ['169432'] https://sofifa.com/players?keyword=Lacen&r=160039&set=true 0.5641025641025641
#######################
New match. Index: 28491
#######################
#######################
New match. Index: 28492
#######################
#######################
New match. Index: 28493
#######################
#######################
New match. Index: 28494
#######################
#######################
New match. Index: 28495
#######################
### WARNING ### Player: Ikechukwu Tongololiki Mawakavamba Jawarapawara Uche --- Ikechukwu Uche  ['146011'] https://sofifa.com/players?keyword=Uche&r=160039&set=true 0.4307692307692308
#######################
New match. Index: 28496
#######################
#######################
New match. Index: 28497
#######################
#######################
New match. Index: 28498
#######################
#######################
New match. Index: 28499
#######################
#######################
New match. Index: 28500
#######################
### WARNING ### Player: Mehdi Gregory Giuseppe Lacen --- Mehdi Lacen  ['169432'] https://sofifa.com/players?keyword=Lacen&r=160040&set=true 0.5641025641025641
#######################
New match. Index: 28501
#######################
#######################
New match. Index: 28502
#######################
#######################
New match. Index: 28503
#######################
#######################
New match. Index: 28504
#######################
#######################
New match. Index: 28505
#######################
#######################
New match. Index: 28506
#######################
### WARNING ### Player: Ikechukwu Tongololiki Mawakavamba Jawarapawara Uche --- Ikechukwu Uche  ['146011'] https://sofifa.com/players?keyword=Uche&r=160040&set=true 0.4307692307692308
#######################
New match. Index: 28507
#######################
#######################
New match. Index: 28508
#######################
### WARNING ### Player: Steven N'Kemboanza Mike Christopher N'Zonzi --- Steven N ['187936'] https://sofifa.com/players?keyword=N'Zonzi&r=160040&set=true 0.3137254901960784
#######################
New match. Index: 28509
#######################
#######################
New match. Index: 28510
#######################
### WARNING ### Player: Ikechukwu Tongololiki Mawakavamba Jawarapawara Uche --- Ikechukwu Uche  ['146011'] https://sofifa.com/players?keyword=Uche&r=160041&set=true 0.4307692307692308
#######################
New match. Index: 28511
#######################
#######################
New match. Index: 28512
#######################
#######################
New match. Index: 28513
#######################
#######################
New match. Index: 28514
#######################
#######################
New match. Index: 28515
#######################
#######################
New match. Index: 28516
#######################
### WARNING ### Player: Steven N'Kemboanza Mike Christopher N'Zonzi --- Steven N ['187936'] https://sofifa.com/players?keyword=N'Zonzi&r=160041&set=true 0.3137254901960784
#######################
New match. Index: 28517
#######################
### WARNING ### Player: Mehdi Gregory Giuseppe Lacen --- Mehdi Lacen  ['169432'] https://sofifa.com/players?keyword=Lacen&r=160041&set=true 0.5641025641025641
#######################
New match. Index: 28518
#######################
#######################
New match. Index: 28519
#######################
#######################
New match. Index: 28520
#######################
#######################
New match. Index: 28521
#######################
### WARNING ### Player: Mehdi Gregory Giuseppe Lacen --- Mehdi Lacen  ['169432'] https://sofifa.com/players?keyword=Lacen&r=160042&set=true 0.5641025641025641
#######################
New match. Index: 28522
#######################
#######################
New match. Index: 28523
#######################
#######################
New match. Index: 28524
#######################
#######################
New match. Index: 28525
#######################
#######################
New match. Index: 28526
#######################
### WARNING ### Player: Steven N'Kemboanza Mike Christopher N'Zonzi --- Steven N ['187936'] https://sofifa.com/players?keyword=N'Zonzi&r=160042&set=true 0.3137254901960784
#######################
New match. Index: 28527
#######################
#######################
New match. Index: 28528
#######################
#######################
New match. Index: 28529
#######################
#######################
New match. Index: 28530
#######################
#######################
New match. Index: 28531
#######################
#######################
New match. Index: 28532
#######################
#######################
New match. Index: 28533
#######################
#######################
New match. Index: 28534
#######################
### WARNING ### Player: Steven N'Kemboanza Mike Christopher N'Zonzi --- Steven N ['187936'] https://sofifa.com/players?keyword=N'Zonzi&r=160043&set=true 0.3137254901960784
#######################
New match. Index: 28535
#######################
#######################
New match. Index: 28536
#######################
#######################
New match. Index: 28537
#######################
#######################
New match. Index: 28538
#######################
### WARNING ### Player: Mehdi Gregory Giuseppe Lacen --- Mehdi Lacen  ['169432'] https://sofifa.com/players?keyword=Lacen&r=160043&set=true 0.5641025641025641
#######################
New match. Index: 28539
#######################
#######################
New match. Index: 28540
#######################
#######################
New match. Index: 28541
#######################
#######################
New match. Index: 28542
#######################
#######################
New match. Index: 28543
#######################
#######################
New match. Index: 28544
#######################
#######################
New match. Index: 28545
#######################
#######################
New match. Index: 28546
#######################
### WARNING ### Player: Steven N'Kemboanza Mike Christopher N'Zonzi --- Steven N ['187936'] https://sofifa.com/players?keyword=N'Zonzi&r=160044&set=true 0.3137254901960784
#######################
New match. Index: 28547
#######################
### WARNING ### Player: Mehdi Gregory Giuseppe Lacen --- Mehdi Lacen  ['169432'] https://sofifa.com/players?keyword=Lacen&r=160044&set=true 0.5641025641025641
#######################
New match. Index: 28548
#######################
#######################
New match. Index: 28549
#######################
#######################
New match. Index: 28550
#######################
#######################
New match. Index: 28551
#######################
#######################
New match. Index: 28552
#######################
#######################
New match. Index: 28553
#######################
#######################
New match. Index: 28554
#######################
#######################
New match. Index: 28555
#######################
#######################
New match. Index: 28556
#######################
### WARNING ### Player: Steven N'Kemboanza Mike Christopher N'Zonzi --- Steven N ['187936'] https://sofifa.com/players?keyword=N'Zonzi&r=160045&set=true 0.3137254901960784
#######################
New match. Index: 28557
#######################
### WARNING ### Player: Mehdi Gregory Giuseppe Lacen --- Mehdi Lacen  ['169432'] https://sofifa.com/players?keyword=Lacen&r=160045&set=true 0.5641025641025641
#######################
New match. Index: 28558
#######################
#######################
New match. Index: 28559
#######################
### WARNING ### Player: Ikechukwu Tongololiki Mawakavamba Jawarapawara Uche --- Ikechukwu Uche  ['146011'] https://sofifa.com/players?keyword=Uche&r=160045&set=true 0.4307692307692308
#######################
New match. Index: 28560
#######################
#######################
New match. Index: 28561
#######################
#######################
New match. Index: 28562
#######################
#######################
New match. Index: 28563
#######################
#######################
New match. Index: 28564
#######################
#######################
New match. Index: 28565
#######################
### WARNING ### Player: Ikechukwu Tongololiki Mawakavamba Jawarapawara Uche --- Ikechukwu Uche  ['146011'] https://sofifa.com/players?keyword=Uche&r=160046&set=true 0.4307692307692308
#######################
New match. Index: 28566
#######################
#######################
New match. Index: 28567
#######################
### WARNING ### Player: Mehdi Gregory Giuseppe Lacen --- Mehdi Lacen  ['169432'] https://sofifa.com/players?keyword=Lacen&r=160046&set=true 0.5641025641025641
#######################
New match. Index: 28568
#######################
#######################
New match. Index: 28569
#######################
#######################
New match. Index: 28570
#######################
#######################
New match. Index: 28571
#######################
#######################
New match. Index: 28572
#######################
#######################
New match. Index: 28573
#######################
#######################
New match. Index: 28574
#######################
### WARNING ### Player: Steven N'Kemboanza Mike Christopher N'Zonzi --- Steven N ['187936'] https://sofifa.com/players?keyword=N'Zonzi&r=160047&set=true 0.3137254901960784
#######################
New match. Index: 28575
#######################
### WARNING ### Player: Ikechukwu Tongololiki Mawakavamba Jawarapawara Uche --- Ikechukwu Uche  ['146011'] https://sofifa.com/players?keyword=Uche&r=160047&set=true 0.4307692307692308
#######################
New match. Index: 28576
#######################
#######################
New match. Index: 28577
#######################
#######################
New match. Index: 28578
#######################
#######################
New match. Index: 28579
#######################
