#######################
New match. Index: 29188
#######################
### WARNING ### Player: Mehdi Gregory Giuseppe Lacen --- Mehdi Lacen  ['169432'] https://sofifa.com/players?keyword=Lacen&r=180032&set=true 0.5641025641025641
#######################
New match. Index: 29189
#######################
#######################
New match. Index: 29190
#######################
#######################
New match. Index: 29191
#######################
#######################
New match. Index: 29192
#######################
#######################
New match. Index: 29193
#######################
#######################
New match. Index: 29194
#######################
### WARNING ### Player: Mehdi Gregory Giuseppe Lacen --- Mehdi Lacen  ['169432'] https://sofifa.com/players?keyword=Lacen&r=180033&set=true 0.5641025641025641
#######################
New match. Index: 29195
#######################
#######################
New match. Index: 29196
#######################
### WARNING ### Player: Steven N'Kemboanza Mike Christopher N'Zonzi --- Steven N ['187936'] https://sofifa.com/players?keyword=N'Zonzi&r=180033&set=true 0.3137254901960784
#######################
New match. Index: 29197
#######################
#######################
New match. Index: 29198
#######################
#######################
New match. Index: 29199
#######################
#######################
New match. Index: 29200
#######################
### WARNING ### Player: Mehdi Gregory Giuseppe Lacen --- Mehdi Lacen  ['169432'] https://sofifa.com/players?keyword=Lacen&r=180034&set=true 0.5641025641025641
#######################
New match. Index: 29201
#######################
### WARNING ### Player: Steven N'Kemboanza Mike Christopher N'Zonzi --- Steven N ['187936'] https://sofifa.com/players?keyword=N'Zonzi&r=180034&set=true 0.3137254901960784
#######################
New match. Index: 29202
#######################
#######################
New match. Index: 29203
#######################
#######################
New match. Index: 29204
#######################
#######################
New match. Index: 29205
#######################
#######################
New match. Index: 29206
#######################
#######################
New match. Index: 29207
#######################
#######################
New match. Index: 29208
#######################
#######################
New match. Index: 29209
#######################
#######################
New match. Index: 29210
#######################
#######################
New match. Index: 29211
#######################
#######################
New match. Index: 29212
#######################
### WARNING ### Player: Gabriel Salazar Rojo --- Ailton Jonas Valpacos Salazar  ['230222'] https://sofifa.com/players?keyword=Salazar&r=180035&set=true 0.40816326530612246
#######################
New match. Index: 29213
#######################
#######################
New match. Index: 29214
#######################
#######################
New match. Index: 29215
#######################
#######################
New match. Index: 29216
#######################
#######################
New match. Index: 29217
#######################
#######################
New match. Index: 29218
#######################
### WARNING ### Player: Mehdi Gregory Giuseppe Lacen --- Mehdi Lacen  ['169432'] https://sofifa.com/players?keyword=Lacen&r=180035&set=true 0.5641025641025641
### WARNING ### Player: Steven N'Kemboanza Mike Christopher N'Zonzi --- Steven N ['187936'] https://sofifa.com/players?keyword=N'Zonzi&r=180035&set=true 0.3137254901960784
#######################
New match. Index: 29219
#######################
#######################
New match. Index: 29220
#######################
### WARNING ### Player: Mehdi Gregory Giuseppe Lacen --- Mehdi Lacen  ['169432'] https://sofifa.com/players?keyword=Lacen&r=180036&set=true 0.5641025641025641
#######################
New match. Index: 29221
#######################
####################################################################
ERROR: No ID found when looking in sofifa for: Manuel Morlanes Ariño
ERROR: No ID found when looking in sofifa for: Morlanes
####################################################################
